{"/home/travis/build/npmtest/node-npmtest-normalizr/test.js":{"path":"/home/travis/build/npmtest/node-npmtest-normalizr/test.js","s":{"1":2,"2":2,"3":2,"4":2,"5":2,"6":2,"7":2,"8":1,"9":2,"10":2,"11":1,"12":1,"13":1,"14":1,"15":2,"16":2,"17":2,"18":2,"19":1,"20":1,"21":2,"22":2,"23":2,"24":1,"25":1,"26":1,"27":1,"28":1,"29":1,"30":1,"31":1,"32":1,"33":1,"34":1,"35":1,"36":1,"37":2,"38":2,"39":1,"40":2,"41":2,"42":1,"43":2,"44":2,"45":1,"46":2,"47":2,"48":1,"49":1,"50":1,"51":1,"52":1},"b":{"1":[2,1,1,1],"2":[1,1,1,1],"3":[1,1],"4":[1,1],"5":[1,1],"6":[1,1],"7":[1,1],"8":[1,1],"9":[1,1,1],"10":[1,1],"11":[1,1],"12":[1,1],"13":[1,1],"14":[1,1],"15":[1,1],"16":[1,1]},"f":{"1":2,"2":2,"3":2,"4":2,"5":2,"6":1,"7":1,"8":2,"9":2,"10":2,"11":2,"12":1},"fnMap":{"1":{"name":"(anonymous_1)","line":12,"loc":{"start":{"line":12,"column":1},"end":{"line":12,"column":13}}},"2":{"name":"(anonymous_2)","line":19,"loc":{"start":{"line":19,"column":5},"end":{"line":19,"column":17}}},"3":{"name":"(anonymous_3)","line":23,"loc":{"start":{"line":23,"column":24},"end":{"line":23,"column":36}}},"4":{"name":"(anonymous_4)","line":61,"loc":{"start":{"line":61,"column":5},"end":{"line":61,"column":17}}},"5":{"name":"(anonymous_5)","line":82,"loc":{"start":{"line":82,"column":5},"end":{"line":82,"column":17}}},"6":{"name":"(anonymous_6)","line":102,"loc":{"start":{"line":102,"column":83},"end":{"line":105,"column":10}},"skip":true},"7":{"name":"(anonymous_7)","line":113,"loc":{"start":{"line":113,"column":77},"end":{"line":116,"column":10}},"skip":true},"8":{"name":"(anonymous_8)","line":129,"loc":{"start":{"line":129,"column":12},"end":{"line":129,"column":40}},"skip":true},"9":{"name":"(anonymous_9)","line":137,"loc":{"start":{"line":137,"column":77},"end":{"line":140,"column":10}},"skip":true},"10":{"name":"(anonymous_10)","line":148,"loc":{"start":{"line":148,"column":83},"end":{"line":151,"column":10}},"skip":true},"11":{"name":"(anonymous_11)","line":159,"loc":{"start":{"line":159,"column":79},"end":{"line":162,"column":10}},"skip":true},"12":{"name":"(anonymous_12)","line":170,"loc":{"start":{"line":170,"column":75},"end":{"line":173,"column":10}},"skip":true}},"statementMap":{"1":{"start":{"line":12,"column":0},"end":{"line":185,"column":5}},"2":{"start":{"line":14,"column":4},"end":{"line":14,"column":14}},"3":{"start":{"line":19,"column":4},"end":{"line":56,"column":9}},"4":{"start":{"line":21,"column":8},"end":{"line":21,"column":19}},"5":{"start":{"line":23,"column":8},"end":{"line":35,"column":13}},"6":{"start":{"line":24,"column":12},"end":{"line":34,"column":13}},"7":{"start":{"line":25,"column":16},"end":{"line":28,"column":30}},"8":{"start":{"line":30,"column":16},"end":{"line":33,"column":27}},"9":{"start":{"line":37,"column":8},"end":{"line":39,"column":21}},"10":{"start":{"line":40,"column":8},"end":{"line":53,"column":9}},"11":{"start":{"line":43,"column":12},"end":{"line":46,"column":14}},"12":{"start":{"line":47,"column":12},"end":{"line":47,"column":18}},"13":{"start":{"line":50,"column":12},"end":{"line":51,"column":46}},"14":{"start":{"line":52,"column":12},"end":{"line":52,"column":18}},"15":{"start":{"line":55,"column":8},"end":{"line":55,"column":35}},"16":{"start":{"line":61,"column":4},"end":{"line":63,"column":9}},"17":{"start":{"line":62,"column":8},"end":{"line":62,"column":15}},"18":{"start":{"line":64,"column":4},"end":{"line":77,"column":5}},"19":{"start":{"line":70,"column":8},"end":{"line":70,"column":14}},"20":{"start":{"line":76,"column":8},"end":{"line":76,"column":14}},"21":{"start":{"line":82,"column":4},"end":{"line":84,"column":9}},"22":{"start":{"line":83,"column":8},"end":{"line":83,"column":15}},"23":{"start":{"line":85,"column":4},"end":{"line":184,"column":5}},"24":{"start":{"line":92,"column":8},"end":{"line":94,"column":63}},"25":{"start":{"line":95,"column":8},"end":{"line":95,"column":14}},"26":{"start":{"line":102,"column":8},"end":{"line":111,"column":10},"skip":true},"27":{"start":{"line":109,"column":12},"end":{"line":109,"column":55},"skip":true},"28":{"start":{"line":110,"column":12},"end":{"line":110,"column":48},"skip":true},"29":{"start":{"line":113,"column":8},"end":{"line":126,"column":10},"skip":true},"30":{"start":{"line":120,"column":12},"end":{"line":120,"column":76},"skip":true},"31":{"start":{"line":121,"column":12},"end":{"line":121,"column":73},"skip":true},"32":{"start":{"line":122,"column":12},"end":{"line":122,"column":74},"skip":true},"33":{"start":{"line":123,"column":12},"end":{"line":123,"column":79},"skip":true},"34":{"start":{"line":124,"column":12},"end":{"line":124,"column":25},"skip":true},"35":{"start":{"line":125,"column":12},"end":{"line":125,"column":45},"skip":true},"36":{"start":{"line":128,"column":8},"end":{"line":135,"column":14},"skip":true},"37":{"start":{"line":133,"column":16},"end":{"line":133,"column":29},"skip":true},"38":{"start":{"line":134,"column":16},"end":{"line":134,"column":55},"skip":true},"39":{"start":{"line":137,"column":8},"end":{"line":146,"column":10},"skip":true},"40":{"start":{"line":144,"column":12},"end":{"line":144,"column":25},"skip":true},"41":{"start":{"line":145,"column":12},"end":{"line":145,"column":45},"skip":true},"42":{"start":{"line":148,"column":8},"end":{"line":157,"column":10},"skip":true},"43":{"start":{"line":155,"column":12},"end":{"line":155,"column":25},"skip":true},"44":{"start":{"line":156,"column":12},"end":{"line":156,"column":48},"skip":true},"45":{"start":{"line":159,"column":8},"end":{"line":168,"column":10},"skip":true},"46":{"start":{"line":166,"column":12},"end":{"line":166,"column":25},"skip":true},"47":{"start":{"line":167,"column":12},"end":{"line":167,"column":46},"skip":true},"48":{"start":{"line":170,"column":8},"end":{"line":179,"column":10},"skip":true},"49":{"start":{"line":177,"column":12},"end":{"line":177,"column":94},"skip":true},"50":{"start":{"line":178,"column":12},"end":{"line":178,"column":48},"skip":true},"51":{"start":{"line":182,"column":8},"end":{"line":182,"column":35},"skip":true},"52":{"start":{"line":183,"column":8},"end":{"line":183,"column":14},"skip":true}},"branchMap":{"1":{"line":25,"type":"binary-expr","locations":[{"start":{"line":25,"column":23},"end":{"line":25,"column":62}},{"start":{"line":26,"column":20},"end":{"line":26,"column":70}},{"start":{"line":27,"column":20},"end":{"line":27,"column":71}},{"start":{"line":28,"column":20},"end":{"line":28,"column":29}}]},"2":{"line":30,"type":"binary-expr","locations":[{"start":{"line":30,"column":23},"end":{"line":30,"column":37}},{"start":{"line":31,"column":20},"end":{"line":31,"column":61}},{"start":{"line":32,"column":20},"end":{"line":32,"column":70}},{"start":{"line":33,"column":20},"end":{"line":33,"column":26}}]},"3":{"line":37,"type":"cond-expr","locations":[{"start":{"line":38,"column":14},"end":{"line":38,"column":20}},{"start":{"line":39,"column":14},"end":{"line":39,"column":20}}]},"4":{"line":40,"type":"switch","locations":[{"start":{"line":42,"column":8},"end":{"line":47,"column":18}},{"start":{"line":49,"column":8},"end":{"line":52,"column":18}}]},"5":{"line":44,"type":"binary-expr","locations":[{"start":{"line":44,"column":16},"end":{"line":44,"column":44}},{"start":{"line":44,"column":48},"end":{"line":44,"column":66}}]},"6":{"line":50,"type":"binary-expr","locations":[{"start":{"line":50,"column":21},"end":{"line":50,"column":49}},{"start":{"line":50,"column":53},"end":{"line":50,"column":72}}]},"7":{"line":64,"type":"switch","locations":[{"start":{"line":69,"column":4},"end":{"line":70,"column":14}},{"start":{"line":75,"column":4},"end":{"line":76,"column":14}}]},"8":{"line":85,"type":"switch","locations":[{"start":{"line":90,"column":4},"end":{"line":95,"column":14}},{"start":{"line":101,"column":4},"end":{"line":183,"column":14},"skip":true}]},"9":{"line":92,"type":"binary-expr","locations":[{"start":{"line":92,"column":18},"end":{"line":92,"column":32}},{"start":{"line":93,"column":12},"end":{"line":93,"column":53}},{"start":{"line":94,"column":12},"end":{"line":94,"column":61}}]},"10":{"line":102,"type":"binary-expr","locations":[{"start":{"line":102,"column":45},"end":{"line":102,"column":79},"skip":true},{"start":{"line":102,"column":83},"end":{"line":111,"column":9},"skip":true}]},"11":{"line":113,"type":"binary-expr","locations":[{"start":{"line":113,"column":42},"end":{"line":113,"column":73},"skip":true},{"start":{"line":113,"column":77},"end":{"line":126,"column":9},"skip":true}]},"12":{"line":128,"type":"binary-expr","locations":[{"start":{"line":128,"column":48},"end":{"line":128,"column":85},"skip":true},{"start":{"line":129,"column":12},"end":{"line":135,"column":13},"skip":true}]},"13":{"line":137,"type":"binary-expr","locations":[{"start":{"line":137,"column":42},"end":{"line":137,"column":73},"skip":true},{"start":{"line":137,"column":77},"end":{"line":146,"column":9},"skip":true}]},"14":{"line":148,"type":"binary-expr","locations":[{"start":{"line":148,"column":45},"end":{"line":148,"column":79},"skip":true},{"start":{"line":148,"column":83},"end":{"line":157,"column":9},"skip":true}]},"15":{"line":159,"type":"binary-expr","locations":[{"start":{"line":159,"column":43},"end":{"line":159,"column":75},"skip":true},{"start":{"line":159,"column":79},"end":{"line":168,"column":9},"skip":true}]},"16":{"line":170,"type":"binary-expr","locations":[{"start":{"line":170,"column":41},"end":{"line":170,"column":71},"skip":true},{"start":{"line":170,"column":75},"end":{"line":179,"column":9},"skip":true}]}},"code":["/* istanbul instrument in package npmtest_normalizr */","/*jslint","    bitwise: true,","    browser: true,","    maxerr: 8,","    maxlen: 96,","    node: true,","    nomen: true,","    regexp: true,","    stupid: true","*/","(function () {","    'use strict';","    var local;","","","","    // run shared js-env code - pre-init","    (function () {","        // init local","        local = {};","        // init modeJs","        local.modeJs = (function () {","            try {","                return typeof navigator.userAgent === 'string' &&","                    typeof document.querySelector('body') === 'object' &&","                    typeof XMLHttpRequest.prototype.open === 'function' &&","                    'browser';","            } catch (errorCaughtBrowser) {","                return module.exports &&","                    typeof process.versions.node === 'string' &&","                    typeof require('http').createServer === 'function' &&","                    'node';","            }","        }());","        // init global","        local.global = local.modeJs === 'browser'","            ? window","            : global;","        switch (local.modeJs) {","        // re-init local from window.local","        case 'browser':","            local = local.global.utility2.objectSetDefault(","                local.global.utility2_rollup || local.global.local,","                local.global.utility2","            );","            break;","        // re-init local from example.js","        case 'node':","            local = (local.global.utility2_rollup || require('utility2'))","                .requireExampleJsFromReadme();","            break;","        }","        // export local","        local.global.local = local;","    }());","","","","    // run shared js-env code - function","    (function () {","        return;","    }());","    switch (local.modeJs) {","","","","    // run browser js-env code - function","    case 'browser':","        break;","","","","    // run node js-env code - function","    case 'node':","        break;","    }","","","","    // run shared js-env code - post-init","    (function () {","        return;","    }());","    switch (local.modeJs) {","","","","    // run browser js-env code - post-init","    case 'browser':","        // run tests","        local.nop(local.modeTest &&","            document.querySelector('#testRunButton1') &&","            document.querySelector('#testRunButton1').click());","        break;","","","","    // run node js-env code - post-init","    /* istanbul ignore next */","    case 'node':","        local.testCase_buildApidoc_default = local.testCase_buildApidoc_default || function (","            options,","            onError","        ) {","        /*","         * this function will test buildApidoc's default handling-behavior-behavior","         */","            options = { modulePathList: module.paths };","            local.buildApidoc(options, onError);","        };","","        local.testCase_buildApp_default = local.testCase_buildApp_default || function (","            options,","            onError","        ) {","        /*","         * this function will test buildApp's default handling-behavior-behavior","         */","            local.testCase_buildReadme_default(options, local.onErrorThrow);","            local.testCase_buildLib_default(options, local.onErrorThrow);","            local.testCase_buildTest_default(options, local.onErrorThrow);","            local.testCase_buildCustomOrg_default(options, local.onErrorThrow);","            options = [];","            local.buildApp(options, onError);","        };","","        local.testCase_buildCustomOrg_default = local.testCase_buildCustomOrg_default ||","            function (options, onError) {","            /*","             * this function will test buildCustomOrg's default handling-behavior","             */","                options = {};","                local.buildCustomOrg(options, onError);","            };","","        local.testCase_buildLib_default = local.testCase_buildLib_default || function (","            options,","            onError","        ) {","        /*","         * this function will test buildLib's default handling-behavior","         */","            options = {};","            local.buildLib(options, onError);","        };","","        local.testCase_buildReadme_default = local.testCase_buildReadme_default || function (","            options,","            onError","        ) {","        /*","         * this function will test buildReadme's default handling-behavior-behavior","         */","            options = {};","            local.buildReadme(options, onError);","        };","","        local.testCase_buildTest_default = local.testCase_buildTest_default || function (","            options,","            onError","        ) {","        /*","         * this function will test buildTest's default handling-behavior","         */","            options = {};","            local.buildTest(options, onError);","        };","","        local.testCase_webpage_default = local.testCase_webpage_default || function (","            options,","            onError","        ) {","        /*","         * this function will test webpage's default handling-behavior","         */","            options = { modeCoverageMerge: true, url: local.serverLocalHost + '?modeTest=1' };","            local.browserTest(options, onError);","        };","","        // run test-server","        local.testRunServer(local);","        break;","    }","}());",""],"l":{"12":2,"14":2,"19":2,"21":2,"23":2,"24":2,"25":2,"30":1,"37":2,"40":2,"43":1,"47":1,"50":1,"52":1,"55":2,"61":2,"62":2,"64":2,"70":1,"76":1,"82":2,"83":2,"85":2,"92":1,"95":1,"102":1,"109":1,"110":1,"113":1,"120":1,"121":1,"122":1,"123":1,"124":1,"125":1,"128":1,"133":2,"134":2,"137":1,"144":2,"145":2,"148":1,"155":2,"156":2,"159":1,"166":2,"167":2,"170":1,"177":1,"178":1,"182":1,"183":1}},"/home/travis/build/npmtest/node-npmtest-normalizr/lib.npmtest_normalizr.js":{"path":"/home/travis/build/npmtest/node-npmtest-normalizr/lib.npmtest_normalizr.js","s":{"1":2,"2":2,"3":2,"4":2,"5":2,"6":2,"7":2,"8":1,"9":2,"10":2,"11":2,"12":2,"13":1,"14":1,"15":1,"16":1},"b":{"1":[2,1,1,1],"2":[1,1,1,1],"3":[1,1],"4":[2,2],"5":[1,1]},"f":{"1":2,"2":2,"3":2},"fnMap":{"1":{"name":"(anonymous_1)","line":12,"loc":{"start":{"line":12,"column":1},"end":{"line":12,"column":13}}},"2":{"name":"(anonymous_2)","line":19,"loc":{"start":{"line":19,"column":5},"end":{"line":19,"column":17}}},"3":{"name":"(anonymous_3)","line":23,"loc":{"start":{"line":23,"column":24},"end":{"line":23,"column":36}}}},"statementMap":{"1":{"start":{"line":12,"column":0},"end":{"line":53,"column":5}},"2":{"start":{"line":14,"column":4},"end":{"line":14,"column":14}},"3":{"start":{"line":19,"column":4},"end":{"line":52,"column":9}},"4":{"start":{"line":21,"column":8},"end":{"line":21,"column":19}},"5":{"start":{"line":23,"column":8},"end":{"line":35,"column":13}},"6":{"start":{"line":24,"column":12},"end":{"line":34,"column":13}},"7":{"start":{"line":25,"column":16},"end":{"line":28,"column":30}},"8":{"start":{"line":30,"column":16},"end":{"line":33,"column":27}},"9":{"start":{"line":37,"column":8},"end":{"line":39,"column":21}},"10":{"start":{"line":41,"column":8},"end":{"line":41,"column":54}},"11":{"start":{"line":43,"column":8},"end":{"line":43,"column":54}},"12":{"start":{"line":45,"column":8},"end":{"line":51,"column":9}},"13":{"start":{"line":46,"column":12},"end":{"line":46,"column":60}},"14":{"start":{"line":48,"column":12},"end":{"line":48,"column":35}},"15":{"start":{"line":49,"column":12},"end":{"line":49,"column":49}},"16":{"start":{"line":50,"column":12},"end":{"line":50,"column":43}}},"branchMap":{"1":{"line":25,"type":"binary-expr","locations":[{"start":{"line":25,"column":23},"end":{"line":25,"column":62}},{"start":{"line":26,"column":20},"end":{"line":26,"column":70}},{"start":{"line":27,"column":20},"end":{"line":27,"column":71}},{"start":{"line":28,"column":20},"end":{"line":28,"column":29}}]},"2":{"line":30,"type":"binary-expr","locations":[{"start":{"line":30,"column":23},"end":{"line":30,"column":37}},{"start":{"line":31,"column":20},"end":{"line":31,"column":61}},{"start":{"line":32,"column":20},"end":{"line":32,"column":70}},{"start":{"line":33,"column":20},"end":{"line":33,"column":26}}]},"3":{"line":37,"type":"cond-expr","locations":[{"start":{"line":38,"column":14},"end":{"line":38,"column":20}},{"start":{"line":39,"column":14},"end":{"line":39,"column":20}}]},"4":{"line":41,"type":"binary-expr","locations":[{"start":{"line":41,"column":16},"end":{"line":41,"column":44}},{"start":{"line":41,"column":48},"end":{"line":41,"column":53}}]},"5":{"line":45,"type":"if","locations":[{"start":{"line":45,"column":8},"end":{"line":45,"column":8}},{"start":{"line":45,"column":8},"end":{"line":45,"column":8}}]}},"code":["/* istanbul instrument in package npmtest_normalizr */","/*jslint","    bitwise: true,","    browser: true,","    maxerr: 8,","    maxlen: 96,","    node: true,","    nomen: true,","    regexp: true,","    stupid: true","*/","(function () {","    'use strict';","    var local;","","","","    // run shared js-env code - pre-init","    (function () {","        // init local","        local = {};","        // init modeJs","        local.modeJs = (function () {","            try {","                return typeof navigator.userAgent === 'string' &&","                    typeof document.querySelector('body') === 'object' &&","                    typeof XMLHttpRequest.prototype.open === 'function' &&","                    'browser';","            } catch (errorCaughtBrowser) {","                return module.exports &&","                    typeof process.versions.node === 'string' &&","                    typeof require('http').createServer === 'function' &&","                    'node';","            }","        }());","        // init global","        local.global = local.modeJs === 'browser'","            ? window","            : global;","        // init utility2_rollup","        local = local.global.utility2_rollup || local;","        // init lib","        local.local = local.npmtest_normalizr = local;","        // init exports","        if (local.modeJs === 'browser') {","            local.global.utility2_npmtest_normalizr = local;","        } else {","            module.exports = local;","            module.exports.__dirname = __dirname;","            module.exports.module = module;","        }","    }());","}());",""],"l":{"12":2,"14":2,"19":2,"21":2,"23":2,"24":2,"25":2,"30":1,"37":2,"41":2,"43":2,"45":2,"46":1,"48":1,"49":1,"50":1}},"/home/travis/build/npmtest/node-npmtest-normalizr/example.js":{"path":"/home/travis/build/npmtest/node-npmtest-normalizr/example.js","s":{"1":2,"2":2,"3":2,"4":2,"5":2,"6":2,"7":2,"8":1,"9":2,"10":2,"11":2,"12":2,"13":1,"14":2,"15":2,"16":2,"17":2,"18":2,"19":0,"20":2,"21":1,"22":1,"23":1,"24":1,"25":1,"26":0,"27":0,"28":1,"29":1,"30":2,"31":0,"32":0,"33":0,"34":1,"35":2,"36":2,"37":2,"38":2,"39":2,"40":2,"41":0,"42":2,"43":2,"44":2,"45":1,"46":3,"47":1,"48":1,"49":1,"50":1,"51":1,"52":1,"53":1,"54":1,"55":1,"56":1,"57":0,"58":1,"59":6,"60":6,"61":1,"62":2,"63":0,"64":2,"65":1,"66":1,"67":0,"68":0,"69":0,"70":0,"71":0,"72":0,"73":0,"74":0,"75":0,"76":0,"77":0,"78":0,"79":0,"80":0,"81":0,"82":0,"83":0},"b":{"1":[2,1,1,1],"2":[1,1,1,1],"3":[1,1],"4":[2,2],"5":[1,1],"6":[1,1],"7":[2,0],"8":[2,1,1,1,1,1],"9":[0,2,0],"10":[1,1],"11":[2,1,1],"12":[1,0],"13":[0,2],"14":[2,0,0,0,0,0,0],"15":[0,2],"16":[2,0],"17":[1,1],"18":[0,1],"19":[1,2,0,2],"20":[1,0],"21":[1,1],"22":[0,0],"23":[0,0],"24":[0,0],"25":[0,0],"26":[0,0],"27":[0,0],"28":[0,0]},"f":{"1":2,"2":2,"3":2,"4":2,"5":2,"6":2,"7":2,"8":2,"9":3,"10":1,"11":6,"12":0},"fnMap":{"1":{"name":"(anonymous_1)","line":26,"loc":{"start":{"line":26,"column":1},"end":{"line":26,"column":13}}},"2":{"name":"(anonymous_2)","line":33,"loc":{"start":{"line":33,"column":5},"end":{"line":33,"column":17}}},"3":{"name":"(anonymous_3)","line":37,"loc":{"start":{"line":37,"column":24},"end":{"line":37,"column":36}}},"4":{"name":"(anonymous_4)","line":69,"loc":{"start":{"line":69,"column":31},"end":{"line":69,"column":48}},"skip":true},"5":{"name":"(anonymous_5)","line":78,"loc":{"start":{"line":78,"column":26},"end":{"line":78,"column":45}},"skip":true},"6":{"name":"(anonymous_6)","line":123,"loc":{"start":{"line":123,"column":33},"end":{"line":123,"column":48}},"skip":true},"7":{"name":"(anonymous_7)","line":125,"loc":{"start":{"line":125,"column":27},"end":{"line":125,"column":39}},"skip":true},"8":{"name":"(anonymous_8)","line":133,"loc":{"start":{"line":133,"column":59},"end":{"line":133,"column":74}},"skip":true},"9":{"name":"(anonymous_9)","line":143,"loc":{"start":{"line":143,"column":45},"end":{"line":143,"column":62}},"skip":true},"10":{"name":"(anonymous_10)","line":144,"loc":{"start":{"line":144,"column":73},"end":{"line":144,"column":92}},"skip":true},"11":{"name":"(anonymous_11)","line":272,"loc":{"start":{"line":272,"column":51},"end":{"line":272,"column":77}},"skip":true},"12":{"name":"(anonymous_12)","line":314,"loc":{"start":{"line":314,"column":32},"end":{"line":314,"column":61}},"skip":true}},"statementMap":{"1":{"start":{"line":26,"column":0},"end":{"line":325,"column":5}},"2":{"start":{"line":28,"column":4},"end":{"line":28,"column":14}},"3":{"start":{"line":33,"column":4},"end":{"line":60,"column":9}},"4":{"start":{"line":35,"column":8},"end":{"line":35,"column":19}},"5":{"start":{"line":37,"column":8},"end":{"line":49,"column":13}},"6":{"start":{"line":38,"column":12},"end":{"line":48,"column":13}},"7":{"start":{"line":39,"column":16},"end":{"line":42,"column":30}},"8":{"start":{"line":44,"column":16},"end":{"line":47,"column":27}},"9":{"start":{"line":51,"column":8},"end":{"line":53,"column":21}},"10":{"start":{"line":55,"column":8},"end":{"line":57,"column":45}},"11":{"start":{"line":59,"column":8},"end":{"line":59,"column":35}},"12":{"start":{"line":61,"column":4},"end":{"line":324,"column":5}},"13":{"start":{"line":69,"column":8},"end":{"line":121,"column":10},"skip":true},"14":{"start":{"line":70,"column":12},"end":{"line":88,"column":13},"skip":true},"15":{"start":{"line":76,"column":16},"end":{"line":87,"column":19},"skip":true},"16":{"start":{"line":79,"column":20},"end":{"line":86,"column":21},"skip":true},"17":{"start":{"line":82,"column":24},"end":{"line":82,"column":43},"skip":true},"18":{"start":{"line":83,"column":24},"end":{"line":83,"column":30},"skip":true},"19":{"start":{"line":85,"column":24},"end":{"line":85,"column":49},"skip":true},"20":{"start":{"line":89,"column":12},"end":{"line":107,"column":13},"skip":true},"21":{"start":{"line":92,"column":16},"end":{"line":102,"column":17},"skip":true},"22":{"start":{"line":93,"column":20},"end":{"line":93,"column":86},"skip":true},"23":{"start":{"line":94,"column":20},"end":{"line":95,"column":45},"skip":true},"24":{"start":{"line":96,"column":20},"end":{"line":96,"column":42},"skip":true},"25":{"start":{"line":97,"column":20},"end":{"line":97,"column":48},"skip":true},"26":{"start":{"line":100,"column":20},"end":{"line":100,"column":85},"skip":true},"27":{"start":{"line":101,"column":20},"end":{"line":101,"column":96},"skip":true},"28":{"start":{"line":103,"column":16},"end":{"line":103,"column":22},"skip":true},"29":{"start":{"line":106,"column":16},"end":{"line":106,"column":22},"skip":true},"30":{"start":{"line":108,"column":12},"end":{"line":120,"column":13},"skip":true},"31":{"start":{"line":114,"column":16},"end":{"line":119,"column":17},"skip":true},"32":{"start":{"line":116,"column":20},"end":{"line":116,"column":78},"skip":true},"33":{"start":{"line":118,"column":20},"end":{"line":118,"column":53},"skip":true},"34":{"start":{"line":123,"column":8},"end":{"line":141,"column":11},"skip":true},"35":{"start":{"line":124,"column":12},"end":{"line":124,"column":54},"skip":true},"36":{"start":{"line":125,"column":12},"end":{"line":140,"column":14},"skip":true},"37":{"start":{"line":126,"column":16},"end":{"line":126,"column":28},"skip":true},"38":{"start":{"line":127,"column":16},"end":{"line":127,"column":69},"skip":true},"39":{"start":{"line":128,"column":16},"end":{"line":128,"column":75},"skip":true},"40":{"start":{"line":129,"column":16},"end":{"line":131,"column":17},"skip":true},"41":{"start":{"line":130,"column":20},"end":{"line":130,"column":27},"skip":true},"42":{"start":{"line":133,"column":16},"end":{"line":137,"column":36},"skip":true},"43":{"start":{"line":134,"column":20},"end":{"line":136,"column":55},"skip":true},"44":{"start":{"line":139,"column":16},"end":{"line":139,"column":57},"skip":true},"45":{"start":{"line":143,"column":8},"end":{"line":147,"column":11},"skip":true},"46":{"start":{"line":144,"column":12},"end":{"line":146,"column":15},"skip":true},"47":{"start":{"line":145,"column":16},"end":{"line":145,"column":70},"skip":true},"48":{"start":{"line":149,"column":8},"end":{"line":149,"column":31},"skip":true},"49":{"start":{"line":150,"column":8},"end":{"line":150,"column":14},"skip":true},"50":{"start":{"line":158,"column":8},"end":{"line":158,"column":31},"skip":true},"51":{"start":{"line":160,"column":8},"end":{"line":160,"column":33},"skip":true},"52":{"start":{"line":161,"column":8},"end":{"line":161,"column":37},"skip":true},"53":{"start":{"line":162,"column":8},"end":{"line":162,"column":35},"skip":true},"54":{"start":{"line":164,"column":8},"end":{"line":164,"column":50},"skip":true},"55":{"start":{"line":166,"column":8},"end":{"line":256,"column":2},"skip":true},"56":{"start":{"line":258,"column":8},"end":{"line":286,"column":9},"skip":true},"57":{"start":{"line":259,"column":12},"end":{"line":269,"column":14},"skip":true},"58":{"start":{"line":271,"column":12},"end":{"line":285,"column":19},"skip":true},"59":{"start":{"line":274,"column":20},"end":{"line":274,"column":35},"skip":true},"60":{"start":{"line":275,"column":20},"end":{"line":284,"column":21},"skip":true},"61":{"start":{"line":277,"column":24},"end":{"line":277,"column":64},"skip":true},"62":{"start":{"line":279,"column":24},"end":{"line":279,"column":40},"skip":true},"63":{"start":{"line":281,"column":24},"end":{"line":281,"column":40},"skip":true},"64":{"start":{"line":283,"column":24},"end":{"line":283,"column":39},"skip":true},"65":{"start":{"line":288,"column":8},"end":{"line":290,"column":9},"skip":true},"66":{"start":{"line":289,"column":12},"end":{"line":289,"column":18},"skip":true},"67":{"start":{"line":291,"column":8},"end":{"line":293,"column":54},"skip":true},"68":{"start":{"line":294,"column":8},"end":{"line":301,"column":37},"skip":true},"69":{"start":{"line":302,"column":8},"end":{"line":302,"column":82},"skip":true},"70":{"start":{"line":305,"column":8},"end":{"line":307,"column":9},"skip":true},"71":{"start":{"line":306,"column":12},"end":{"line":306,"column":82},"skip":true},"72":{"start":{"line":309,"column":8},"end":{"line":311,"column":9},"skip":true},"73":{"start":{"line":310,"column":12},"end":{"line":310,"column":18},"skip":true},"74":{"start":{"line":312,"column":8},"end":{"line":312,"column":54},"skip":true},"75":{"start":{"line":313,"column":8},"end":{"line":313,"column":69},"skip":true},"76":{"start":{"line":314,"column":8},"end":{"line":322,"column":36},"skip":true},"77":{"start":{"line":315,"column":12},"end":{"line":315,"column":61},"skip":true},"78":{"start":{"line":316,"column":12},"end":{"line":319,"column":13},"skip":true},"79":{"start":{"line":317,"column":16},"end":{"line":317,"column":75},"skip":true},"80":{"start":{"line":318,"column":16},"end":{"line":318,"column":23},"skip":true},"81":{"start":{"line":320,"column":12},"end":{"line":320,"column":38},"skip":true},"82":{"start":{"line":321,"column":12},"end":{"line":321,"column":27},"skip":true},"83":{"start":{"line":323,"column":8},"end":{"line":323,"column":14},"skip":true}},"branchMap":{"1":{"line":39,"type":"binary-expr","locations":[{"start":{"line":39,"column":23},"end":{"line":39,"column":62}},{"start":{"line":40,"column":20},"end":{"line":40,"column":70}},{"start":{"line":41,"column":20},"end":{"line":41,"column":71}},{"start":{"line":42,"column":20},"end":{"line":42,"column":29}}]},"2":{"line":44,"type":"binary-expr","locations":[{"start":{"line":44,"column":23},"end":{"line":44,"column":37}},{"start":{"line":45,"column":20},"end":{"line":45,"column":61}},{"start":{"line":46,"column":20},"end":{"line":46,"column":70}},{"start":{"line":47,"column":20},"end":{"line":47,"column":26}}]},"3":{"line":51,"type":"cond-expr","locations":[{"start":{"line":52,"column":14},"end":{"line":52,"column":20}},{"start":{"line":53,"column":14},"end":{"line":53,"column":20}}]},"4":{"line":55,"type":"binary-expr","locations":[{"start":{"line":55,"column":16},"end":{"line":55,"column":44}},{"start":{"line":55,"column":49},"end":{"line":57,"column":43}}]},"5":{"line":55,"type":"cond-expr","locations":[{"start":{"line":56,"column":14},"end":{"line":56,"column":53}},{"start":{"line":57,"column":14},"end":{"line":57,"column":43}}]},"6":{"line":61,"type":"switch","locations":[{"start":{"line":68,"column":4},"end":{"line":150,"column":14},"skip":true},{"start":{"line":156,"column":4},"end":{"line":323,"column":14},"skip":true}]},"7":{"line":70,"type":"if","locations":[{"start":{"line":70,"column":12},"end":{"line":70,"column":12},"skip":true},{"start":{"line":70,"column":12},"end":{"line":70,"column":12},"skip":true}]},"8":{"line":70,"type":"binary-expr","locations":[{"start":{"line":70,"column":16},"end":{"line":70,"column":22},"skip":true},{"start":{"line":70,"column":27},"end":{"line":70,"column":32},"skip":true},{"start":{"line":71,"column":20},"end":{"line":71,"column":39},"skip":true},{"start":{"line":72,"column":20},"end":{"line":72,"column":49},"skip":true},{"start":{"line":73,"column":20},"end":{"line":73,"column":58},"skip":true},{"start":{"line":74,"column":20},"end":{"line":74,"column":69},"skip":true}]},"9":{"line":79,"type":"switch","locations":[{"start":{"line":80,"column":20},"end":{"line":80,"column":33},"skip":true},{"start":{"line":81,"column":20},"end":{"line":83,"column":30},"skip":true},{"start":{"line":84,"column":20},"end":{"line":85,"column":49},"skip":true}]},"10":{"line":89,"type":"switch","locations":[{"start":{"line":90,"column":12},"end":{"line":103,"column":22},"skip":true},{"start":{"line":105,"column":12},"end":{"line":106,"column":22},"skip":true}]},"11":{"line":89,"type":"binary-expr","locations":[{"start":{"line":89,"column":20},"end":{"line":89,"column":25},"skip":true},{"start":{"line":89,"column":29},"end":{"line":89,"column":48},"skip":true},{"start":{"line":89,"column":52},"end":{"line":89,"column":74},"skip":true}]},"12":{"line":92,"type":"if","locations":[{"start":{"line":92,"column":16},"end":{"line":92,"column":16},"skip":true},{"start":{"line":92,"column":16},"end":{"line":92,"column":16},"skip":true}]},"13":{"line":108,"type":"if","locations":[{"start":{"line":108,"column":12},"end":{"line":108,"column":12},"skip":true},{"start":{"line":108,"column":12},"end":{"line":108,"column":12},"skip":true}]},"14":{"line":108,"type":"binary-expr","locations":[{"start":{"line":108,"column":16},"end":{"line":108,"column":61},"skip":true},{"start":{"line":108,"column":66},"end":{"line":108,"column":72},"skip":true},{"start":{"line":108,"column":77},"end":{"line":108,"column":82},"skip":true},{"start":{"line":109,"column":20},"end":{"line":109,"column":39},"skip":true},{"start":{"line":110,"column":20},"end":{"line":110,"column":49},"skip":true},{"start":{"line":111,"column":20},"end":{"line":111,"column":58},"skip":true},{"start":{"line":112,"column":20},"end":{"line":112,"column":68},"skip":true}]},"15":{"line":129,"type":"if","locations":[{"start":{"line":129,"column":16},"end":{"line":129,"column":16},"skip":true},{"start":{"line":129,"column":16},"end":{"line":129,"column":16},"skip":true}]},"16":{"line":134,"type":"cond-expr","locations":[{"start":{"line":135,"column":26},"end":{"line":135,"column":29},"skip":true},{"start":{"line":136,"column":26},"end":{"line":136,"column":54},"skip":true}]},"17":{"line":164,"type":"binary-expr","locations":[{"start":{"line":164,"column":27},"end":{"line":164,"column":43},"skip":true},{"start":{"line":164,"column":47},"end":{"line":164,"column":49},"skip":true}]},"18":{"line":258,"type":"if","locations":[{"start":{"line":258,"column":8},"end":{"line":258,"column":8},"skip":true},{"start":{"line":258,"column":8},"end":{"line":258,"column":8},"skip":true}]},"19":{"line":275,"type":"switch","locations":[{"start":{"line":276,"column":20},"end":{"line":277,"column":64},"skip":true},{"start":{"line":278,"column":20},"end":{"line":279,"column":40},"skip":true},{"start":{"line":280,"column":20},"end":{"line":281,"column":40},"skip":true},{"start":{"line":282,"column":20},"end":{"line":283,"column":39},"skip":true}]},"20":{"line":288,"type":"if","locations":[{"start":{"line":288,"column":8},"end":{"line":288,"column":8},"skip":true},{"start":{"line":288,"column":8},"end":{"line":288,"column":8},"skip":true}]},"21":{"line":288,"type":"binary-expr","locations":[{"start":{"line":288,"column":12},"end":{"line":288,"column":40},"skip":true},{"start":{"line":288,"column":44},"end":{"line":288,"column":67},"skip":true}]},"22":{"line":292,"type":"binary-expr","locations":[{"start":{"line":292,"column":12},"end":{"line":292,"column":50},"skip":true},{"start":{"line":293,"column":12},"end":{"line":293,"column":53},"skip":true}]},"23":{"line":295,"type":"binary-expr","locations":[{"start":{"line":295,"column":12},"end":{"line":295,"column":67},"skip":true},{"start":{"line":296,"column":12},"end":{"line":301,"column":36},"skip":true}]},"24":{"line":302,"type":"binary-expr","locations":[{"start":{"line":302,"column":43},"end":{"line":302,"column":75},"skip":true},{"start":{"line":302,"column":79},"end":{"line":302,"column":81},"skip":true}]},"25":{"line":305,"type":"if","locations":[{"start":{"line":305,"column":8},"end":{"line":305,"column":8},"skip":true},{"start":{"line":305,"column":8},"end":{"line":305,"column":8},"skip":true}]},"26":{"line":309,"type":"if","locations":[{"start":{"line":309,"column":8},"end":{"line":309,"column":8},"skip":true},{"start":{"line":309,"column":8},"end":{"line":309,"column":8},"skip":true}]},"27":{"line":312,"type":"binary-expr","locations":[{"start":{"line":312,"column":27},"end":{"line":312,"column":43},"skip":true},{"start":{"line":312,"column":47},"end":{"line":312,"column":53},"skip":true}]},"28":{"line":316,"type":"if","locations":[{"start":{"line":316,"column":12},"end":{"line":316,"column":12},"skip":true},{"start":{"line":316,"column":12},"end":{"line":316,"column":12},"skip":true}]}},"code":["/*","example.js","","quickstart example","","instruction","    1. save this script as example.js","    2. run the shell command:","        $ npm install npmtest-normalizr && PORT=8081 node example.js","    3. play with the browser-demo on http://127.0.0.1:8081","*/","","","","/* istanbul instrument in package npmtest_normalizr */","/*jslint","    bitwise: true,","    browser: true,","    maxerr: 8,","    maxlen: 96,","    node: true,","    nomen: true,","    regexp: true,","    stupid: true","*/","(function () {","    'use strict';","    var local;","","","","    // run shared js-env code - pre-init","    (function () {","        // init local","        local = {};","        // init modeJs","        local.modeJs = (function () {","            try {","                return typeof navigator.userAgent === 'string' &&","                    typeof document.querySelector('body') === 'object' &&","                    typeof XMLHttpRequest.prototype.open === 'function' &&","                    'browser';","            } catch (errorCaughtBrowser) {","                return module.exports &&","                    typeof process.versions.node === 'string' &&","                    typeof require('http').createServer === 'function' &&","                    'node';","            }","        }());","        // init global","        local.global = local.modeJs === 'browser'","            ? window","            : global;","        // init utility2_rollup","        local = local.global.utility2_rollup || (local.modeJs === 'browser'","            ? local.global.utility2_npmtest_normalizr","            : global.utility2_moduleExports);","        // export local","        local.global.local = local;","    }());","    switch (local.modeJs) {","","","","    // post-init","    // run browser js-env code - post-init","    /* istanbul ignore next */","    case 'browser':","        local.testRunBrowser = function (event) {","            if (!event || (event &&","                    event.currentTarget &&","                    event.currentTarget.className &&","                    event.currentTarget.className.includes &&","                    event.currentTarget.className.includes('onreset'))) {","                // reset output","                Array.from(","                    document.querySelectorAll('body > .resettable')","                ).forEach(function (element) {","                    switch (element.tagName) {","                    case 'INPUT':","                    case 'TEXTAREA':","                        element.value = '';","                        break;","                    default:","                        element.textContent = '';","                    }","                });","            }","            switch (event && event.currentTarget && event.currentTarget.id) {","            case 'testRunButton1':","                // show tests","                if (document.querySelector('#testReportDiv1').style.display === 'none') {","                    document.querySelector('#testReportDiv1').style.display = 'block';","                    document.querySelector('#testRunButton1').textContent =","                        'hide internal test';","                    local.modeTest = true;","                    local.testRunDefault(local);","                // hide tests","                } else {","                    document.querySelector('#testReportDiv1').style.display = 'none';","                    document.querySelector('#testRunButton1').textContent = 'run internal test';","                }","                break;","            // custom-case","            default:","                break;","            }","            if (document.querySelector('#inputTextareaEval1') && (!event || (event &&","                    event.currentTarget &&","                    event.currentTarget.className &&","                    event.currentTarget.className.includes &&","                    event.currentTarget.className.includes('oneval')))) {","                // try to eval input-code","                try {","                    /*jslint evil: true*/","                    eval(document.querySelector('#inputTextareaEval1').value);","                } catch (errorCaught) {","                    console.error(errorCaught.stack);","                }","            }","        };","        // log stderr and stdout to #outputTextareaStdout1","        ['error', 'log'].forEach(function (key) {","            console[key + '_original'] = console[key];","            console[key] = function () {","                var element;","                console[key + '_original'].apply(console, arguments);","                element = document.querySelector('#outputTextareaStdout1');","                if (!element) {","                    return;","                }","                // append text to #outputTextareaStdout1","                element.value += Array.from(arguments).map(function (arg) {","                    return typeof arg === 'string'","                        ? arg","                        : JSON.stringify(arg, null, 4);","                }).join(' ') + '\\n';","                // scroll textarea to bottom","                element.scrollTop = element.scrollHeight;","            };","        });","        // init event-handling","        ['change', 'click', 'keyup'].forEach(function (event) {","            Array.from(document.querySelectorAll('.on' + event)).forEach(function (element) {","                element.addEventListener(event, local.testRunBrowser);","            });","        });","        // run tests","        local.testRunBrowser();","        break;","","","","    // run node js-env code - post-init","    /* istanbul ignore next */","    case 'node':","        // export local","        module.exports = local;","        // require modules","        local.fs = require('fs');","        local.http = require('http');","        local.url = require('url');","        // init assets","        local.assetsDict = local.assetsDict || {};","        /* jslint-ignore-begin */","        local.assetsDict['/assets.index.template.html'] = '\\","<!doctype html>\\n\\","<html lang=\"en\">\\n\\","<head>\\n\\","<meta charset=\"UTF-8\">\\n\\","<meta name=\"viewport\" content=\"width=device-width, initial-scale=1\">\\n\\","<title>{{env.npm_package_name}} (v{{env.npm_package_version}})</title>\\n\\","<style>\\n\\","/*csslint\\n\\","    box-sizing: false,\\n\\","    universal-selector: false\\n\\","*/\\n\\","* {\\n\\","    box-sizing: border-box;\\n\\","}\\n\\","body {\\n\\","    background: #dde;\\n\\","    font-family: Arial, Helvetica, sans-serif;\\n\\","    margin: 2rem;\\n\\","}\\n\\","body > * {\\n\\","    margin-bottom: 1rem;\\n\\","}\\n\\",".utility2FooterDiv {\\n\\","    margin-top: 20px;\\n\\","    text-align: center;\\n\\","}\\n\\","</style>\\n\\","<style>\\n\\","/*csslint\\n\\","*/\\n\\","textarea {\\n\\","    font-family: monospace;\\n\\","    height: 10rem;\\n\\","    width: 100%;\\n\\","}\\n\\","textarea[readonly] {\\n\\","    background: #ddd;\\n\\","}\\n\\","</style>\\n\\","</head>\\n\\","<body>\\n\\","<!-- utility2-comment\\n\\","<div id=\"ajaxProgressDiv1\" style=\"background: #d00; height: 2px; left: 0; margin: 0; padding: 0; position: fixed; top: 0; transition: background 0.5s, width 1.5s; width: 25%;\"></div>\\n\\","utility2-comment -->\\n\\","<h1>\\n\\","<!-- utility2-comment\\n\\","    <a\\n\\","        {{#if env.npm_package_homepage}}\\n\\","        href=\"{{env.npm_package_homepage}}\"\\n\\","        {{/if env.npm_package_homepage}}\\n\\","        target=\"_blank\"\\n\\","    >\\n\\","utility2-comment -->\\n\\","        {{env.npm_package_name}} (v{{env.npm_package_version}})\\n\\","<!-- utility2-comment\\n\\","    </a>\\n\\","utility2-comment -->\\n\\","</h1>\\n\\","<h3>{{env.npm_package_description}}</h3>\\n\\","<!-- utility2-comment\\n\\","<h4><a download href=\"assets.app.js\">download standalone app</a></h4>\\n\\","<button class=\"onclick onreset\" id=\"testRunButton1\">run internal test</button><br>\\n\\","<div id=\"testReportDiv1\" style=\"display: none;\"></div>\\n\\","utility2-comment -->\\n\\","\\n\\","\\n\\","\\n\\","<label>stderr and stdout</label>\\n\\","<textarea class=\"resettable\" id=\"outputTextareaStdout1\" readonly></textarea>\\n\\","<!-- utility2-comment\\n\\","{{#if isRollup}}\\n\\","<script src=\"assets.app.js\"></script>\\n\\","{{#unless isRollup}}\\n\\","utility2-comment -->\\n\\","<script src=\"assets.utility2.rollup.js\"></script>\\n\\","<script src=\"jsonp.utility2._stateInit?callback=window.utility2._stateInit\"></script>\\n\\","<script src=\"assets.npmtest_normalizr.rollup.js\"></script>\\n\\","<script src=\"assets.example.js\"></script>\\n\\","<script src=\"assets.test.js\"></script>\\n\\","<!-- utility2-comment\\n\\","{{/if isRollup}}\\n\\","utility2-comment -->\\n\\","<div class=\"utility2FooterDiv\">\\n\\","    [ this app was created with\\n\\","    <a href=\"https://github.com/kaizhu256/node-utility2\" target=\"_blank\">utility2</a>\\n\\","    ]\\n\\","</div>\\n\\","</body>\\n\\","</html>\\n\\","';","        /* jslint-ignore-end */","        if (local.templateRender) {","            local.assetsDict['/'] = local.templateRender(","                local.assetsDict['/assets.index.template.html'],","                {","                    env: local.objectSetDefault(local.env, {","                        npm_package_description: 'the greatest app in the world!',","                        npm_package_name: 'my-app',","                        npm_package_nameAlias: 'my_app',","                        npm_package_version: '0.0.1'","                    })","                }","            );","        } else {","            local.assetsDict['/'] = local.assetsDict['/assets.index.template.html']","                .replace((/\\{\\{env\\.(\\w+?)\\}\\}/g), function (match0, match1) {","                    // jslint-hack","                    String(match0);","                    switch (match1) {","                    case 'npm_package_description':","                        return 'the greatest app in the world!';","                    case 'npm_package_name':","                        return 'my-app';","                    case 'npm_package_nameAlias':","                        return 'my_app';","                    case 'npm_package_version':","                        return '0.0.1';","                    }","                });","        }","        // run the cli","        if (local.global.utility2_rollup || module !== require.main) {","            break;","        }","        local.assetsDict['/assets.example.js'] =","            local.assetsDict['/assets.example.js'] ||","            local.fs.readFileSync(__filename, 'utf8');","        local.assetsDict['/assets.npmtest_normalizr.rollup.js'] =","            local.assetsDict['/assets.npmtest_normalizr.rollup.js'] ||","            local.fs.readFileSync(","                // buildCustomOrg-hack","                local.npmtest_normalizr.__dirname +","                    '/lib.npmtest_normalizr.js',","                'utf8'","            ).replace((/^#!/), '//');","        local.assetsDict['/favicon.ico'] = local.assetsDict['/favicon.ico'] || '';","        // if $npm_config_timeout_exit exists,","        // then exit this process after $npm_config_timeout_exit ms","        if (Number(process.env.npm_config_timeout_exit)) {","            setTimeout(process.exit, Number(process.env.npm_config_timeout_exit));","        }","        // start server","        if (local.global.utility2_serverHttp1) {","            break;","        }","        process.env.PORT = process.env.PORT || '8081';","        console.error('server starting on port ' + process.env.PORT);","        local.http.createServer(function (request, response) {","            request.urlParsed = local.url.parse(request.url);","            if (local.assetsDict[request.urlParsed.pathname] !== undefined) {","                response.end(local.assetsDict[request.urlParsed.pathname]);","                return;","            }","            response.statusCode = 404;","            response.end();","        }).listen(process.env.PORT);","        break;","    }","}());",""],"l":{"26":2,"28":2,"33":2,"35":2,"37":2,"38":2,"39":2,"44":1,"51":2,"55":2,"59":2,"61":2,"69":1,"70":2,"76":2,"79":2,"82":2,"83":2,"85":1,"89":2,"92":1,"93":1,"94":1,"96":1,"97":1,"100":1,"101":1,"103":1,"106":1,"108":2,"114":1,"116":1,"118":1,"123":1,"124":2,"125":2,"126":2,"127":2,"128":2,"129":2,"130":1,"133":2,"134":2,"139":2,"143":1,"144":3,"145":1,"149":1,"150":1,"158":1,"160":1,"161":1,"162":1,"164":1,"166":1,"258":1,"259":1,"271":1,"274":6,"275":6,"277":1,"279":2,"281":1,"283":2,"288":1,"289":1,"291":1,"294":1,"302":1,"305":1,"306":1,"309":1,"310":1,"312":1,"313":1,"314":1,"315":1,"316":1,"317":1,"318":1,"320":1,"321":1,"323":1}},"/home/travis/build/npmtest/node-npmtest-normalizr/normalizr/dist/src/index.js":{"path":"/home/travis/build/npmtest/node-npmtest-normalizr/normalizr/dist/src/index.js","s":{"1":1,"2":1,"3":1,"4":0,"5":0,"6":0,"7":0,"8":0,"9":0,"10":1,"11":0,"12":0,"13":1,"14":1,"15":1,"16":1,"17":1,"18":1,"19":1,"20":1,"21":1,"22":1,"23":1,"24":1,"25":1,"26":3,"27":3,"28":0,"29":0,"30":0,"31":0,"32":0,"33":0,"34":0,"35":1,"36":3,"37":1,"38":0,"39":0,"40":0,"41":0,"42":0,"43":0,"44":1,"45":0,"46":0,"47":0,"48":0,"49":0,"50":0,"51":0,"52":0,"53":0,"54":1,"55":1,"56":0,"57":0,"58":0,"59":0,"60":0,"61":0,"62":1,"63":0,"64":0,"65":0,"66":0,"67":0,"68":0,"69":0,"70":0,"71":0,"72":0,"73":0,"74":1,"75":0,"76":0,"77":0,"78":0,"79":0,"80":0,"81":0,"82":0,"83":0,"84":0,"85":0,"86":1,"87":0,"88":0,"89":0,"90":0,"91":0,"92":0,"93":1,"94":0,"95":0,"96":0},"b":{"1":[1,0],"2":[0,0],"3":[1,0],"4":[1,1],"5":[0,0],"6":[0,0,0,0],"7":[3,0],"8":[3,3],"9":[0,0],"10":[0,0],"11":[3,0],"12":[3,3],"13":[0,0],"14":[0,0],"15":[0,0],"16":[0,0],"17":[0,0,0],"18":[0,0],"19":[0,0],"20":[0,0],"21":[0,0],"22":[0,0],"23":[0,0],"24":[0,0],"25":[0,0],"26":[0,0],"27":[0,0],"28":[0,0],"29":[0,0],"30":[0,0],"31":[0,0],"32":[0,0],"33":[0,0,0],"34":[0,0],"35":[0,0],"36":[0,0],"37":[0,0],"38":[0,0],"39":[0,0],"40":[0,0],"41":[0,0],"42":[0,0]},"f":{"1":0,"2":0,"3":0,"4":3,"5":3,"6":0,"7":0,"8":0,"9":0,"10":0,"11":0,"12":0,"13":0,"14":0,"15":0},"fnMap":{"1":{"name":"(anonymous_1)","line":8,"loc":{"start":{"line":8,"column":32},"end":{"line":8,"column":50}}},"2":{"name":"(anonymous_2)","line":10,"loc":{"start":{"line":10,"column":84},"end":{"line":10,"column":99}}},"3":{"name":"(anonymous_3)","line":10,"loc":{"start":{"line":10,"column":124},"end":{"line":10,"column":139}}},"4":{"name":"_interopRequireWildcard","line":36,"loc":{"start":{"line":36,"column":0},"end":{"line":36,"column":38}}},"5":{"name":"_interopRequireDefault","line":38,"loc":{"start":{"line":38,"column":0},"end":{"line":38,"column":37}}},"6":{"name":"visit","line":40,"loc":{"start":{"line":40,"column":12},"end":{"line":40,"column":66}}},"7":{"name":"addEntities","line":53,"loc":{"start":{"line":53,"column":18},"end":{"line":53,"column":49}}},"8":{"name":"(anonymous_8)","line":54,"loc":{"start":{"line":54,"column":9},"end":{"line":54,"column":64}}},"9":{"name":"normalize","line":78,"loc":{"start":{"line":78,"column":36},"end":{"line":78,"column":70}}},"10":{"name":"unvisitEntity","line":90,"loc":{"start":{"line":90,"column":20},"end":{"line":90,"column":85}}},"11":{"name":"getUnvisit","line":115,"loc":{"start":{"line":115,"column":17},"end":{"line":115,"column":47}}},"12":{"name":"unvisit","line":119,"loc":{"start":{"line":119,"column":9},"end":{"line":119,"column":41}}},"13":{"name":"getEntities","line":137,"loc":{"start":{"line":137,"column":18},"end":{"line":137,"column":49}}},"14":{"name":"(anonymous_14)","line":140,"loc":{"start":{"line":140,"column":9},"end":{"line":140,"column":39}}},"15":{"name":"denormalize","line":151,"loc":{"start":{"line":151,"column":40},"end":{"line":151,"column":86}}}},"statementMap":{"1":{"start":{"line":3,"column":0},"end":{"line":5,"column":3}},"2":{"start":{"line":6,"column":0},"end":{"line":6,"column":69}},"3":{"start":{"line":8,"column":0},"end":{"line":8,"column":257}},"4":{"start":{"line":8,"column":52},"end":{"line":8,"column":239}},"5":{"start":{"line":8,"column":97},"end":{"line":8,"column":123}},"6":{"start":{"line":8,"column":124},"end":{"line":8,"column":237}},"7":{"start":{"line":8,"column":150},"end":{"line":8,"column":235}},"8":{"start":{"line":8,"column":207},"end":{"line":8,"column":233}},"9":{"start":{"line":8,"column":240},"end":{"line":8,"column":254}},"10":{"start":{"line":10,"column":0},"end":{"line":10,"column":269}},"11":{"start":{"line":10,"column":101},"end":{"line":10,"column":119}},"12":{"start":{"line":10,"column":141},"end":{"line":10,"column":266}},"13":{"start":{"line":12,"column":0},"end":{"line":12,"column":42}},"14":{"start":{"line":14,"column":0},"end":{"line":14,"column":47}},"15":{"start":{"line":16,"column":0},"end":{"line":16,"column":40}},"16":{"start":{"line":18,"column":0},"end":{"line":18,"column":45}},"17":{"start":{"line":20,"column":0},"end":{"line":20,"column":42}},"18":{"start":{"line":22,"column":0},"end":{"line":22,"column":47}},"19":{"start":{"line":24,"column":0},"end":{"line":24,"column":40}},"20":{"start":{"line":26,"column":0},"end":{"line":26,"column":49}},"21":{"start":{"line":28,"column":0},"end":{"line":28,"column":42}},"22":{"start":{"line":30,"column":0},"end":{"line":30,"column":51}},"23":{"start":{"line":32,"column":0},"end":{"line":32,"column":58}},"24":{"start":{"line":34,"column":0},"end":{"line":34,"column":62}},"25":{"start":{"line":36,"column":0},"end":{"line":36,"column":269}},"26":{"start":{"line":36,"column":40},"end":{"line":36,"column":267}},"27":{"start":{"line":36,"column":69},"end":{"line":36,"column":80}},"28":{"start":{"line":36,"column":90},"end":{"line":36,"column":106}},"29":{"start":{"line":36,"column":107},"end":{"line":36,"column":228}},"30":{"start":{"line":36,"column":126},"end":{"line":36,"column":226}},"31":{"start":{"line":36,"column":149},"end":{"line":36,"column":224}},"32":{"start":{"line":36,"column":201},"end":{"line":36,"column":224}},"33":{"start":{"line":36,"column":229},"end":{"line":36,"column":250}},"34":{"start":{"line":36,"column":251},"end":{"line":36,"column":265}},"35":{"start":{"line":38,"column":0},"end":{"line":38,"column":95}},"36":{"start":{"line":38,"column":39},"end":{"line":38,"column":93}},"37":{"start":{"line":40,"column":0},"end":{"line":51,"column":2}},"38":{"start":{"line":41,"column":2},"end":{"line":43,"column":3}},"39":{"start":{"line":42,"column":4},"end":{"line":42,"column":17}},"40":{"start":{"line":45,"column":2},"end":{"line":48,"column":3}},"41":{"start":{"line":46,"column":4},"end":{"line":46,"column":86}},"42":{"start":{"line":47,"column":4},"end":{"line":47,"column":64}},"43":{"start":{"line":50,"column":2},"end":{"line":50,"column":64}},"44":{"start":{"line":53,"column":0},"end":{"line":68,"column":2}},"45":{"start":{"line":54,"column":2},"end":{"line":67,"column":4}},"46":{"start":{"line":55,"column":4},"end":{"line":55,"column":31}},"47":{"start":{"line":56,"column":4},"end":{"line":56,"column":46}},"48":{"start":{"line":57,"column":4},"end":{"line":59,"column":5}},"49":{"start":{"line":58,"column":6},"end":{"line":58,"column":31}},"50":{"start":{"line":61,"column":4},"end":{"line":61,"column":49}},"51":{"start":{"line":62,"column":4},"end":{"line":66,"column":5}},"52":{"start":{"line":63,"column":6},"end":{"line":63,"column":78}},"53":{"start":{"line":65,"column":6},"end":{"line":65,"column":48}},"54":{"start":{"line":70,"column":0},"end":{"line":76,"column":2}},"55":{"start":{"line":78,"column":0},"end":{"line":88,"column":2}},"56":{"start":{"line":79,"column":2},"end":{"line":81,"column":3}},"57":{"start":{"line":80,"column":4},"end":{"line":80,"column":169}},"58":{"start":{"line":83,"column":2},"end":{"line":83,"column":20}},"59":{"start":{"line":84,"column":2},"end":{"line":84,"column":40}},"60":{"start":{"line":86,"column":2},"end":{"line":86,"column":60}},"61":{"start":{"line":87,"column":2},"end":{"line":87,"column":48}},"62":{"start":{"line":90,"column":0},"end":{"line":113,"column":2}},"63":{"start":{"line":91,"column":2},"end":{"line":91,"column":40}},"64":{"start":{"line":92,"column":2},"end":{"line":94,"column":3}},"65":{"start":{"line":93,"column":4},"end":{"line":93,"column":18}},"66":{"start":{"line":96,"column":2},"end":{"line":96,"column":32}},"67":{"start":{"line":98,"column":2},"end":{"line":100,"column":3}},"68":{"start":{"line":99,"column":4},"end":{"line":99,"column":27}},"69":{"start":{"line":102,"column":2},"end":{"line":110,"column":3}},"70":{"start":{"line":104,"column":4},"end":{"line":104,"column":88}},"71":{"start":{"line":108,"column":4},"end":{"line":108,"column":39}},"72":{"start":{"line":109,"column":4},"end":{"line":109,"column":68}},"73":{"start":{"line":112,"column":2},"end":{"line":112,"column":31}},"74":{"start":{"line":115,"column":0},"end":{"line":135,"column":2}},"75":{"start":{"line":116,"column":2},"end":{"line":116,"column":17}},"76":{"start":{"line":117,"column":2},"end":{"line":117,"column":40}},"77":{"start":{"line":119,"column":2},"end":{"line":134,"column":4}},"78":{"start":{"line":120,"column":4},"end":{"line":123,"column":5}},"79":{"start":{"line":121,"column":6},"end":{"line":121,"column":92}},"80":{"start":{"line":122,"column":6},"end":{"line":122,"column":44}},"81":{"start":{"line":125,"column":4},"end":{"line":127,"column":5}},"82":{"start":{"line":126,"column":6},"end":{"line":126,"column":19}},"83":{"start":{"line":129,"column":4},"end":{"line":131,"column":5}},"84":{"start":{"line":130,"column":6},"end":{"line":130,"column":69}},"85":{"start":{"line":133,"column":4},"end":{"line":133,"column":46}},"86":{"start":{"line":137,"column":0},"end":{"line":149,"column":2}},"87":{"start":{"line":138,"column":2},"end":{"line":138,"column":57}},"88":{"start":{"line":140,"column":2},"end":{"line":148,"column":4}},"89":{"start":{"line":141,"column":4},"end":{"line":141,"column":31}},"90":{"start":{"line":143,"column":4},"end":{"line":145,"column":5}},"91":{"start":{"line":144,"column":6},"end":{"line":144,"column":24}},"92":{"start":{"line":147,"column":4},"end":{"line":147,"column":110}},"93":{"start":{"line":151,"column":0},"end":{"line":157,"column":2}},"94":{"start":{"line":152,"column":2},"end":{"line":154,"column":3}},"95":{"start":{"line":153,"column":4},"end":{"line":153,"column":17}},"96":{"start":{"line":156,"column":2},"end":{"line":156,"column":45}}},"branchMap":{"1":{"line":8,"type":"binary-expr","locations":[{"start":{"line":8,"column":15},"end":{"line":8,"column":28}},{"start":{"line":8,"column":32},"end":{"line":8,"column":256}}]},"2":{"line":8,"type":"if","locations":[{"start":{"line":8,"column":150},"end":{"line":8,"column":150}},{"start":{"line":8,"column":150},"end":{"line":8,"column":150}}]},"3":{"line":10,"type":"cond-expr","locations":[{"start":{"line":10,"column":84},"end":{"line":10,"column":121}},{"start":{"line":10,"column":124},"end":{"line":10,"column":268}}]},"4":{"line":10,"type":"binary-expr","locations":[{"start":{"line":10,"column":14},"end":{"line":10,"column":42}},{"start":{"line":10,"column":46},"end":{"line":10,"column":81}}]},"5":{"line":10,"type":"cond-expr","locations":[{"start":{"line":10,"column":244},"end":{"line":10,"column":252}},{"start":{"line":10,"column":255},"end":{"line":10,"column":265}}]},"6":{"line":10,"type":"binary-expr","locations":[{"start":{"line":10,"column":148},"end":{"line":10,"column":151}},{"start":{"line":10,"column":155},"end":{"line":10,"column":183}},{"start":{"line":10,"column":187},"end":{"line":10,"column":213}},{"start":{"line":10,"column":217},"end":{"line":10,"column":241}}]},"7":{"line":36,"type":"if","locations":[{"start":{"line":36,"column":40},"end":{"line":36,"column":40}},{"start":{"line":36,"column":40},"end":{"line":36,"column":40}}]},"8":{"line":36,"type":"binary-expr","locations":[{"start":{"line":36,"column":44},"end":{"line":36,"column":47}},{"start":{"line":36,"column":51},"end":{"line":36,"column":65}}]},"9":{"line":36,"type":"if","locations":[{"start":{"line":36,"column":107},"end":{"line":36,"column":107}},{"start":{"line":36,"column":107},"end":{"line":36,"column":107}}]},"10":{"line":36,"type":"if","locations":[{"start":{"line":36,"column":149},"end":{"line":36,"column":149}},{"start":{"line":36,"column":149},"end":{"line":36,"column":149}}]},"11":{"line":38,"type":"cond-expr","locations":[{"start":{"line":38,"column":70},"end":{"line":38,"column":73}},{"start":{"line":38,"column":76},"end":{"line":38,"column":92}}]},"12":{"line":38,"type":"binary-expr","locations":[{"start":{"line":38,"column":46},"end":{"line":38,"column":49}},{"start":{"line":38,"column":53},"end":{"line":38,"column":67}}]},"13":{"line":41,"type":"if","locations":[{"start":{"line":41,"column":2},"end":{"line":41,"column":2}},{"start":{"line":41,"column":2},"end":{"line":41,"column":2}}]},"14":{"line":41,"type":"binary-expr","locations":[{"start":{"line":41,"column":6},"end":{"line":41,"column":80}},{"start":{"line":41,"column":84},"end":{"line":41,"column":90}}]},"15":{"line":41,"type":"cond-expr","locations":[{"start":{"line":41,"column":38},"end":{"line":41,"column":49}},{"start":{"line":41,"column":52},"end":{"line":41,"column":66}}]},"16":{"line":45,"type":"if","locations":[{"start":{"line":45,"column":2},"end":{"line":45,"column":2}},{"start":{"line":45,"column":2},"end":{"line":45,"column":2}}]},"17":{"line":45,"type":"binary-expr","locations":[{"start":{"line":45,"column":6},"end":{"line":45,"column":82}},{"start":{"line":45,"column":87},"end":{"line":45,"column":104}},{"start":{"line":45,"column":108},"end":{"line":45,"column":146}}]},"18":{"line":45,"type":"cond-expr","locations":[{"start":{"line":45,"column":39},"end":{"line":45,"column":50}},{"start":{"line":45,"column":53},"end":{"line":45,"column":68}}]},"19":{"line":46,"type":"cond-expr","locations":[{"start":{"line":46,"column":41},"end":{"line":46,"column":61}},{"start":{"line":46,"column":64},"end":{"line":46,"column":85}}]},"20":{"line":57,"type":"if","locations":[{"start":{"line":57,"column":4},"end":{"line":57,"column":4}},{"start":{"line":57,"column":4},"end":{"line":57,"column":4}}]},"21":{"line":62,"type":"if","locations":[{"start":{"line":62,"column":4},"end":{"line":62,"column":4}},{"start":{"line":62,"column":4},"end":{"line":62,"column":4}}]},"22":{"line":79,"type":"if","locations":[{"start":{"line":79,"column":2},"end":{"line":79,"column":2}},{"start":{"line":79,"column":2},"end":{"line":79,"column":2}}]},"23":{"line":79,"type":"binary-expr","locations":[{"start":{"line":79,"column":6},"end":{"line":79,"column":12}},{"start":{"line":79,"column":16},"end":{"line":79,"column":90}}]},"24":{"line":79,"type":"cond-expr","locations":[{"start":{"line":79,"column":48},"end":{"line":79,"column":59}},{"start":{"line":79,"column":62},"end":{"line":79,"column":76}}]},"25":{"line":80,"type":"cond-expr","locations":[{"start":{"line":80,"column":131},"end":{"line":80,"column":142}},{"start":{"line":80,"column":145},"end":{"line":80,"column":159}}]},"26":{"line":92,"type":"if","locations":[{"start":{"line":92,"column":2},"end":{"line":92,"column":2}},{"start":{"line":92,"column":2},"end":{"line":92,"column":2}}]},"27":{"line":92,"type":"binary-expr","locations":[{"start":{"line":92,"column":6},"end":{"line":92,"column":82}},{"start":{"line":92,"column":86},"end":{"line":92,"column":101}}]},"28":{"line":92,"type":"cond-expr","locations":[{"start":{"line":92,"column":39},"end":{"line":92,"column":50}},{"start":{"line":92,"column":53},"end":{"line":92,"column":68}}]},"29":{"line":98,"type":"if","locations":[{"start":{"line":98,"column":2},"end":{"line":98,"column":2}},{"start":{"line":98,"column":2},"end":{"line":98,"column":2}}]},"30":{"line":102,"type":"if","locations":[{"start":{"line":102,"column":2},"end":{"line":102,"column":2}},{"start":{"line":102,"column":2},"end":{"line":102,"column":2}}]},"31":{"line":104,"type":"cond-expr","locations":[{"start":{"line":104,"column":58},"end":{"line":104,"column":64}},{"start":{"line":104,"column":67},"end":{"line":104,"column":87}}]},"32":{"line":120,"type":"if","locations":[{"start":{"line":120,"column":4},"end":{"line":120,"column":4}},{"start":{"line":120,"column":4},"end":{"line":120,"column":4}}]},"33":{"line":120,"type":"binary-expr","locations":[{"start":{"line":120,"column":8},"end":{"line":120,"column":84}},{"start":{"line":120,"column":89},"end":{"line":120,"column":108}},{"start":{"line":120,"column":112},"end":{"line":120,"column":152}}]},"34":{"line":120,"type":"cond-expr","locations":[{"start":{"line":120,"column":41},"end":{"line":120,"column":52}},{"start":{"line":120,"column":55},"end":{"line":120,"column":70}}]},"35":{"line":121,"type":"cond-expr","locations":[{"start":{"line":121,"column":43},"end":{"line":121,"column":65}},{"start":{"line":121,"column":68},"end":{"line":121,"column":91}}]},"36":{"line":125,"type":"if","locations":[{"start":{"line":125,"column":4},"end":{"line":125,"column":4}},{"start":{"line":125,"column":4},"end":{"line":125,"column":4}}]},"37":{"line":125,"type":"binary-expr","locations":[{"start":{"line":125,"column":8},"end":{"line":125,"column":27}},{"start":{"line":125,"column":31},"end":{"line":125,"column":45}}]},"38":{"line":129,"type":"if","locations":[{"start":{"line":129,"column":4},"end":{"line":129,"column":4}},{"start":{"line":129,"column":4},"end":{"line":129,"column":4}}]},"39":{"line":143,"type":"if","locations":[{"start":{"line":143,"column":4},"end":{"line":143,"column":4}},{"start":{"line":143,"column":4},"end":{"line":143,"column":4}}]},"40":{"line":143,"type":"cond-expr","locations":[{"start":{"line":143,"column":45},"end":{"line":143,"column":56}},{"start":{"line":143,"column":59},"end":{"line":143,"column":78}}]},"41":{"line":147,"type":"cond-expr","locations":[{"start":{"line":147,"column":25},"end":{"line":147,"column":75}},{"start":{"line":147,"column":78},"end":{"line":147,"column":109}}]},"42":{"line":152,"type":"if","locations":[{"start":{"line":152,"column":2},"end":{"line":152,"column":2}},{"start":{"line":152,"column":2},"end":{"line":152,"column":2}}]}},"code":["'use strict';","","Object.defineProperty(exports, \"__esModule\", {","  value: true","});","exports.denormalize = exports.normalize = exports.schema = undefined;","","var _extends = Object.assign || function (target) { for (var i = 1; i < arguments.length; i++) { var source = arguments[i]; for (var key in source) { if (Object.prototype.hasOwnProperty.call(source, key)) { target[key] = source[key]; } } } return target; };","","var _typeof = typeof Symbol === \"function\" && typeof Symbol.iterator === \"symbol\" ? function (obj) { return typeof obj; } : function (obj) { return obj && typeof Symbol === \"function\" && obj.constructor === Symbol && obj !== Symbol.prototype ? \"symbol\" : typeof obj; };","","var _Entity = require('./schemas/Entity');","","var _Entity2 = _interopRequireDefault(_Entity);","","var _Union = require('./schemas/Union');","","var _Union2 = _interopRequireDefault(_Union);","","var _Values = require('./schemas/Values');","","var _Values2 = _interopRequireDefault(_Values);","","var _Array = require('./schemas/Array');","","var ArrayUtils = _interopRequireWildcard(_Array);","","var _Object = require('./schemas/Object');","","var ObjectUtils = _interopRequireWildcard(_Object);","","var _ImmutableUtils = require('./schemas/ImmutableUtils');","","var ImmutableUtils = _interopRequireWildcard(_ImmutableUtils);","","function _interopRequireWildcard(obj) { if (obj && obj.__esModule) { return obj; } else { var newObj = {}; if (obj != null) { for (var key in obj) { if (Object.prototype.hasOwnProperty.call(obj, key)) newObj[key] = obj[key]; } } newObj.default = obj; return newObj; } }","","function _interopRequireDefault(obj) { return obj && obj.__esModule ? obj : { default: obj }; }","","var visit = function visit(value, parent, key, schema, addEntity) {","  if ((typeof value === 'undefined' ? 'undefined' : _typeof(value)) !== 'object' || !value) {","    return value;","  }","","  if ((typeof schema === 'undefined' ? 'undefined' : _typeof(schema)) === 'object' && (!schema.normalize || typeof schema.normalize !== 'function')) {","    var method = Array.isArray(schema) ? ArrayUtils.normalize : ObjectUtils.normalize;","    return method(schema, value, parent, key, visit, addEntity);","  }","","  return schema.normalize(value, parent, key, visit, addEntity);","};","","var addEntities = function addEntities(entities) {","  return function (schema, processedEntity, value, parent, key) {","    var schemaKey = schema.key;","    var id = schema.getId(value, parent, key);","    if (!(schemaKey in entities)) {","      entities[schemaKey] = {};","    }","","    var existingEntity = entities[schemaKey][id];","    if (existingEntity) {","      entities[schemaKey][id] = schema.merge(existingEntity, processedEntity);","    } else {","      entities[schemaKey][id] = processedEntity;","    }","  };","};","","var schema = exports.schema = {","  Array: ArrayUtils.default,","  Entity: _Entity2.default,","  Object: ObjectUtils.default,","  Union: _Union2.default,","  Values: _Values2.default","};","","var normalize = exports.normalize = function normalize(input, schema) {","  if (!input || (typeof input === 'undefined' ? 'undefined' : _typeof(input)) !== 'object') {","    throw new Error('Unexpected input given to normalize. Expected type to be \"object\", found \"' + (typeof input === 'undefined' ? 'undefined' : _typeof(input)) + '\".');","  }","","  var entities = {};","  var addEntity = addEntities(entities);","","  var result = visit(input, input, null, schema, addEntity);","  return { entities: entities, result: result };","};","","var unvisitEntity = function unvisitEntity(input, schema, unvisit, getEntity, cache) {","  var entity = getEntity(input, schema);","  if ((typeof entity === 'undefined' ? 'undefined' : _typeof(entity)) !== 'object' || entity === null) {","    return entity;","  }","","  var id = schema.getId(entity);","","  if (!cache[schema.key]) {","    cache[schema.key] = {};","  }","","  if (!cache[schema.key][id]) {","    // Ensure we don't mutate it non-immutable objects","    var entityCopy = ImmutableUtils.isImmutable(entity) ? entity : _extends({}, entity);","","    // Need to set this first so that if it is referenced further within the","    // denormalization the reference will already exist.","    cache[schema.key][id] = entityCopy;","    cache[schema.key][id] = schema.denormalize(entityCopy, unvisit);","  }","","  return cache[schema.key][id];","};","","var getUnvisit = function getUnvisit(entities) {","  var cache = {};","  var getEntity = getEntities(entities);","","  return function unvisit(input, schema) {","    if ((typeof schema === 'undefined' ? 'undefined' : _typeof(schema)) === 'object' && (!schema.denormalize || typeof schema.denormalize !== 'function')) {","      var method = Array.isArray(schema) ? ArrayUtils.denormalize : ObjectUtils.denormalize;","      return method(schema, input, unvisit);","    }","","    if (input === undefined || input === null) {","      return input;","    }","","    if (schema instanceof _Entity2.default) {","      return unvisitEntity(input, schema, unvisit, getEntity, cache);","    }","","    return schema.denormalize(input, unvisit);","  };","};","","var getEntities = function getEntities(entities) {","  var isImmutable = ImmutableUtils.isImmutable(entities);","","  return function (entityOrId, schema) {","    var schemaKey = schema.key;","","    if ((typeof entityOrId === 'undefined' ? 'undefined' : _typeof(entityOrId)) === 'object') {","      return entityOrId;","    }","","    return isImmutable ? entities.getIn([schemaKey, entityOrId.toString()]) : entities[schemaKey][entityOrId];","  };","};","","var denormalize = exports.denormalize = function denormalize(input, schema, entities) {","  if (!input) {","    return input;","  }","","  return getUnvisit(entities)(input, schema);","};"],"l":{"3":1,"6":1,"8":1,"10":1,"12":1,"14":1,"16":1,"18":1,"20":1,"22":1,"24":1,"26":1,"28":1,"30":1,"32":1,"34":1,"36":3,"38":3,"40":1,"41":0,"42":0,"45":0,"46":0,"47":0,"50":0,"53":1,"54":0,"55":0,"56":0,"57":0,"58":0,"61":0,"62":0,"63":0,"65":0,"70":1,"78":1,"79":0,"80":0,"83":0,"84":0,"86":0,"87":0,"90":1,"91":0,"92":0,"93":0,"96":0,"98":0,"99":0,"102":0,"104":0,"108":0,"109":0,"112":0,"115":1,"116":0,"117":0,"119":0,"120":0,"121":0,"122":0,"125":0,"126":0,"129":0,"130":0,"133":0,"137":1,"138":0,"140":0,"141":0,"143":0,"144":0,"147":0,"151":1,"152":0,"153":0,"156":0}},"/home/travis/build/npmtest/node-npmtest-normalizr/normalizr/dist/src/schemas/Entity.js":{"path":"/home/travis/build/npmtest/node-npmtest-normalizr/normalizr/dist/src/schemas/Entity.js","s":{"1":1,"2":1,"3":0,"4":0,"5":1,"6":0,"7":0,"8":0,"9":0,"10":0,"11":0,"12":1,"13":1,"14":1,"15":7,"16":7,"17":7,"18":7,"19":5,"20":7,"21":1,"22":1,"23":1,"24":1,"25":0,"26":1,"27":1,"28":1,"29":1,"30":1,"31":1,"32":0,"33":0,"34":0,"35":0,"36":0,"37":0,"38":0,"39":1,"40":0,"41":0,"42":0,"43":0,"44":1,"45":0,"46":0,"47":1,"48":0,"49":0,"50":1,"51":1,"52":0,"53":0,"54":0,"55":0,"56":0,"57":0,"58":0,"59":0,"60":0,"61":0,"62":0,"63":0,"64":0,"65":0,"66":1,"67":0,"68":0,"69":0,"70":0,"71":0,"72":0,"73":0,"74":0,"75":0,"76":0,"77":0,"78":0,"79":0,"80":0,"81":0,"82":0,"83":0,"84":0,"85":0,"86":0,"87":0,"88":0,"89":0,"90":1,"91":1},"b":{"1":[1,0],"2":[1,1],"3":[0,0],"4":[0,0,0,0],"5":[1,0],"6":[0,0],"7":[7,7],"8":[5,2],"9":[1,0],"10":[0,1],"11":[1,0],"12":[1,1],"13":[0,0],"14":[0,0],"15":[0,0],"16":[0,0],"17":[0,0],"18":[0,0],"19":[0,0],"20":[0,0],"21":[0,0],"22":[0,0],"23":[0,0],"24":[0,0],"25":[0,0],"26":[0,0],"27":[0,0],"28":[0,0],"29":[0,0],"30":[0,0],"31":[0,0],"32":[0,0]},"f":{"1":0,"2":0,"3":0,"4":1,"5":1,"6":1,"7":1,"8":0,"9":0,"10":0,"11":0,"12":1,"13":0,"14":0,"15":0,"16":0,"17":0,"18":0,"19":0,"20":0,"21":0,"22":0,"23":0,"24":0,"25":0},"fnMap":{"1":{"name":"(anonymous_1)","line":7,"loc":{"start":{"line":7,"column":84},"end":{"line":7,"column":99}}},"2":{"name":"(anonymous_2)","line":7,"loc":{"start":{"line":7,"column":124},"end":{"line":7,"column":139}}},"3":{"name":"(anonymous_3)","line":9,"loc":{"start":{"line":9,"column":32},"end":{"line":9,"column":50}}},"4":{"name":"(anonymous_4)","line":11,"loc":{"start":{"line":11,"column":19},"end":{"line":11,"column":31}}},"5":{"name":"defineProperties","line":11,"loc":{"start":{"line":11,"column":33},"end":{"line":11,"column":74}}},"6":{"name":"(anonymous_6)","line":11,"loc":{"start":{"line":11,"column":357},"end":{"line":11,"column":405}}},"7":{"name":"_interopRequireWildcard","line":17,"loc":{"start":{"line":17,"column":0},"end":{"line":17,"column":38}}},"8":{"name":"_defineProperty","line":19,"loc":{"start":{"line":19,"column":0},"end":{"line":19,"column":42}}},"9":{"name":"_classCallCheck","line":21,"loc":{"start":{"line":21,"column":0},"end":{"line":21,"column":48}}},"10":{"name":"getDefaultGetId","line":23,"loc":{"start":{"line":23,"column":22},"end":{"line":23,"column":60}}},"11":{"name":"(anonymous_11)","line":24,"loc":{"start":{"line":24,"column":9},"end":{"line":24,"column":26}}},"12":{"name":"(anonymous_12)","line":29,"loc":{"start":{"line":29,"column":19},"end":{"line":29,"column":31}}},"13":{"name":"EntitySchema","line":30,"loc":{"start":{"line":30,"column":2},"end":{"line":30,"column":29}}},"14":{"name":"(anonymous_14)","line":43,"loc":{"start":{"line":43,"column":62},"end":{"line":43,"column":90}}},"15":{"name":"(anonymous_15)","line":47,"loc":{"start":{"line":47,"column":64},"end":{"line":47,"column":81}}},"16":{"name":"define","line":62,"loc":{"start":{"line":62,"column":11},"end":{"line":62,"column":39}}},"17":{"name":"(anonymous_17)","line":63,"loc":{"start":{"line":63,"column":51},"end":{"line":63,"column":80}}},"18":{"name":"getId","line":70,"loc":{"start":{"line":70,"column":11},"end":{"line":70,"column":46}}},"19":{"name":"merge","line":75,"loc":{"start":{"line":75,"column":11},"end":{"line":75,"column":44}}},"20":{"name":"normalize","line":80,"loc":{"start":{"line":80,"column":11},"end":{"line":80,"column":68}}},"21":{"name":"(anonymous_21)","line":84,"loc":{"start":{"line":84,"column":39},"end":{"line":84,"column":54}}},"22":{"name":"denormalize","line":96,"loc":{"start":{"line":96,"column":11},"end":{"line":96,"column":49}}},"23":{"name":"(anonymous_23)","line":103,"loc":{"start":{"line":103,"column":39},"end":{"line":103,"column":54}}},"24":{"name":"get","line":113,"loc":{"start":{"line":113,"column":9},"end":{"line":113,"column":24}}},"25":{"name":"get","line":118,"loc":{"start":{"line":118,"column":9},"end":{"line":118,"column":24}}}},"statementMap":{"1":{"start":{"line":3,"column":0},"end":{"line":5,"column":3}},"2":{"start":{"line":7,"column":0},"end":{"line":7,"column":269}},"3":{"start":{"line":7,"column":101},"end":{"line":7,"column":119}},"4":{"start":{"line":7,"column":141},"end":{"line":7,"column":266}},"5":{"start":{"line":9,"column":0},"end":{"line":9,"column":257}},"6":{"start":{"line":9,"column":52},"end":{"line":9,"column":239}},"7":{"start":{"line":9,"column":97},"end":{"line":9,"column":123}},"8":{"start":{"line":9,"column":124},"end":{"line":9,"column":237}},"9":{"start":{"line":9,"column":150},"end":{"line":9,"column":235}},"10":{"start":{"line":9,"column":207},"end":{"line":9,"column":233}},"11":{"start":{"line":9,"column":240},"end":{"line":9,"column":254}},"12":{"start":{"line":11,"column":0},"end":{"line":11,"column":564}},"13":{"start":{"line":11,"column":33},"end":{"line":11,"column":349}},"14":{"start":{"line":11,"column":76},"end":{"line":11,"column":347}},"15":{"start":{"line":11,"column":117},"end":{"line":11,"column":143}},"16":{"start":{"line":11,"column":144},"end":{"line":11,"column":199}},"17":{"start":{"line":11,"column":200},"end":{"line":11,"column":231}},"18":{"start":{"line":11,"column":232},"end":{"line":11,"column":286}},"19":{"start":{"line":11,"column":259},"end":{"line":11,"column":286}},"20":{"start":{"line":11,"column":287},"end":{"line":11,"column":345}},"21":{"start":{"line":11,"column":350},"end":{"line":11,"column":559}},"22":{"start":{"line":11,"column":407},"end":{"line":11,"column":475}},"23":{"start":{"line":11,"column":423},"end":{"line":11,"column":475}},"24":{"start":{"line":11,"column":476},"end":{"line":11,"column":536}},"25":{"start":{"line":11,"column":493},"end":{"line":11,"column":536}},"26":{"start":{"line":11,"column":537},"end":{"line":11,"column":556}},"27":{"start":{"line":13,"column":0},"end":{"line":13,"column":50}},"28":{"start":{"line":15,"column":0},"end":{"line":15,"column":62}},"29":{"start":{"line":17,"column":0},"end":{"line":17,"column":269}},"30":{"start":{"line":17,"column":40},"end":{"line":17,"column":267}},"31":{"start":{"line":17,"column":69},"end":{"line":17,"column":80}},"32":{"start":{"line":17,"column":90},"end":{"line":17,"column":106}},"33":{"start":{"line":17,"column":107},"end":{"line":17,"column":228}},"34":{"start":{"line":17,"column":126},"end":{"line":17,"column":226}},"35":{"start":{"line":17,"column":149},"end":{"line":17,"column":224}},"36":{"start":{"line":17,"column":201},"end":{"line":17,"column":224}},"37":{"start":{"line":17,"column":229},"end":{"line":17,"column":250}},"38":{"start":{"line":17,"column":251},"end":{"line":17,"column":265}},"39":{"start":{"line":19,"column":0},"end":{"line":19,"column":209}},"40":{"start":{"line":19,"column":44},"end":{"line":19,"column":195}},"41":{"start":{"line":19,"column":62},"end":{"line":19,"column":166}},"42":{"start":{"line":19,"column":176},"end":{"line":19,"column":193}},"43":{"start":{"line":19,"colu
[...]
,"column":31}}]}},"code":["'use strict';","","Object.defineProperty(exports, \"__esModule\", {","  value: true","});","exports.denormalize = exports.normalize = undefined;","","var _createClass = function () { function defineProperties(target, props) { for (var i = 0; i < props.length; i++) { var descriptor = props[i]; descriptor.enumerable = descriptor.enumerable || false; descriptor.configurable = true; if (\"value\" in descriptor) descriptor.writable = true; Object.defineProperty(target, descriptor.key, descriptor); } } return function (Constructor, protoProps, staticProps) { if (protoProps) defineProperties(Constructor.prototype, protoProps); if (staticProps) defineProperties(Constructor, staticProps); return Constructor; }; }();","","var _Polymorphic = require('./Polymorphic');","","var _Polymorphic2 = _interopRequireDefault(_Polymorphic);","","function _interopRequireDefault(obj) { return obj && obj.__esModule ? obj : { default: obj }; }","","function _classCallCheck(instance, Constructor) { if (!(instance instanceof Constructor)) { throw new TypeError(\"Cannot call a class as a function\"); } }","","function _possibleConstructorReturn(self, call) { if (!self) { throw new ReferenceError(\"this hasn't been initialised - super() hasn't been called\"); } return call && (typeof call === \"object\" || typeof call === \"function\") ? call : self; }","","function _inherits(subClass, superClass) { if (typeof superClass !== \"function\" && superClass !== null) { throw new TypeError(\"Super expression must either be null or a function, not \" + typeof superClass); } subClass.prototype = Object.create(superClass && superClass.prototype, { constructor: { value: subClass, enumerable: false, writable: true, configurable: true } }); if (superClass) Object.setPrototypeOf ? Object.setPrototypeOf(subClass, superClass) : subClass.__proto__ = superClass; }","","var validateSchema = function validateSchema(definition) {","  var isArray = Array.isArray(definition);","  if (isArray && definition.length > 1) {","    throw new Error('Expected schema definition to be a single schema, but found ' + definition.length + '.');","  }","","  return definition[0];","};","","var getValues = function getValues(input) {","  return Array.isArray(input) ? input : Object.keys(input).map(function (key) {","    return input[key];","  });","};","","var normalize = exports.normalize = function normalize(schema, input, parent, key, visit, addEntity) {","  schema = validateSchema(schema);","","  var values = getValues(input);","","  // Special case: Arrays pass *their* parent on to their children, since there","  // is not any special information that can be gathered from themselves directly","  return values.map(function (value, index) {","    return visit(value, parent, key, schema, addEntity);","  });","};","","var denormalize = exports.denormalize = function denormalize(schema, input, unvisit) {","  schema = validateSchema(schema);","  return input && input.map ? input.map(function (entityOrId) {","    return unvisit(entityOrId, schema);","  }) : input;","};","","var ArraySchema = function (_PolymorphicSchema) {","  _inherits(ArraySchema, _PolymorphicSchema);","","  function ArraySchema() {","    _classCallCheck(this, ArraySchema);","","    return _possibleConstructorReturn(this, (ArraySchema.__proto__ || Object.getPrototypeOf(ArraySchema)).apply(this, arguments));","  }","","  _createClass(ArraySchema, [{","    key: 'normalize',","    value: function normalize(input, parent, key, visit, addEntity) {","      var _this2 = this;","","      var values = getValues(input);","","      return values.map(function (value, index) {","        return _this2.normalizeValue(value, parent, key, visit, addEntity);","      }).filter(function (value) {","        return value !== undefined && value !== null;","      });","    }","  }, {","    key: 'denormalize',","    value: function denormalize(input, unvisit) {","      var _this3 = this;","","      return input && input.map ? input.map(function (value) {","        return _this3.denormalizeValue(value, unvisit);","      }) : input;","    }","  }]);","","  return ArraySchema;","}(_Polymorphic2.default);","","exports.default = ArraySchema;"],"l":{"3":1,"6":1,"8":2,"10":1,"12":1,"14":1,"16":1,"18":1,"20":1,"22":1,"23":0,"24":0,"25":0,"28":0,"31":1,"32":0,"33":0,"37":1,"38":0,"40":0,"44":0,"45":0,"49":1,"50":0,"51":0,"52":0,"56":1,"57":1,"59":1,"60":0,"62":0,"65":1,"68":0,"70":0,"72":0,"73":0,"75":0,"81":0,"83":0,"84":0,"89":1,"92":1}},"/home/travis/build/npmtest/node-npmtest-normalizr/normalizr/dist/src/schemas/Object.js":{"path":"/home/travis/build/npmtest/node-npmtest-normalizr/normalizr/dist/src/schemas/Object.js","s":{"1":1,"2":1,"3":1,"4":1,"5":1,"6":3,"7":3,"8":3,"9":3,"10":3,"11":3,"12":1,"13":1,"14":1,"15":1,"16":0,"17":1,"18":1,"19":0,"20":0,"21":0,"22":0,"23":0,"24":0,"25":1,"26":1,"27":1,"28":1,"29":1,"30":0,"31":0,"32":0,"33":0,"34":0,"35":0,"36":0,"37":1,"38":0,"39":0,"40":0,"41":0,"42":1,"43":0,"44":0,"45":1,"46":0,"47":0,"48":0,"49":0,"50":0,"51":0,"52":0,"53":0,"54":1,"55":1,"56":0,"57":0,"58":0,"59":0,"60":0,"61":0,"62":0,"63":1,"64":1,"65":1,"66":0,"67":0,"68":1,"69":0,"70":0,"71":0,"72":0,"73":0,"74":0,"75":0,"76":0,"77":0,"78":1,"79":1},"b":{"1":[3,3],"2":[3,0],"3":[1,0],"4":[0,1],"5":[1,0],"6":[0,0],"7":[1,0],"8":[1,1],"9":[0,0],"10":[0,0],"11":[0,0],"12":[0,0],"13":[0,0],"14":[0,0],"15":[0,0],"16":[0,0],"17":[0,0]},"f":{"1":1,"2":1,"3":1,"4":0,"5":1,"6":0,"7":0,"8":0,"9":0,"10":0,"11":0,"12":1,"13":0,"14":0,"15":0,"16":0,"17":0},"fnMap":{"1":{"name":"(anonymous_1)","line":8,"loc":{"start":{"line":8,"column":19},"end":{"line":8,"column":31}}},"2":{"name":"defineProperties","line":8,"loc":{"start":{"line":8,"column":33},"end":{"line":8,"column":74}}},"3":{"name":"(anonymous_3)","line":8,"loc":{"start":{"line":8,"column":357},"end":{"line":8,"column":405}}},"4":{"name":"(anonymous_4)","line":10,"loc":{"start":{"line":10,"column":32},"end":{"line":10,"column":50}}},"5":{"name":"_interopRequireWildcard","line":16,"loc":{"start":{"line":16,"column":0},"end":{"line":16,"column":38}}},"6":{"name":"_defineProperty","line":18,"loc":{"start":{"line":18,"column":0},"end":{"line":18,"column":42}}},"7":{"name":"_classCallCheck","line":20,"loc":{"start":{"line":20,"column":0},"end":{"line":20,"column":48}}},"8":{"name":"_normalize","line":22,"loc":{"start":{"line":22,"column":17},"end":{"line":22,"column":83}}},"9":{"name":"(anonymous_9)","line":24,"loc":{"start":{"line":24,"column":30},"end":{"line":24,"column":45}}},"10":{"name":"_denormalize","line":37,"loc":{"start":{"line":37,"column":19},"end":{"line":37,"column":65}}},"11":{"name":"(anonymous_11)","line":43,"loc":{"start":{"line":43,"column":30},"end":{"line":43,"column":45}}},"12":{"name":"(anonymous_12)","line":53,"loc":{"start":{"line":53,"column":19},"end":{"line":53,"column":31}}},"13":{"name":"ObjectSchema","line":54,"loc":{"start":{"line":54,"column":2},"end":{"line":54,"column":36}}},"14":{"name":"define","line":62,"loc":{"start":{"line":62,"column":11},"end":{"line":62,"column":39}}},"15":{"name":"(anonymous_15)","line":63,"loc":{"start":{"line":63,"column":51},"end":{"line":63,"column":80}}},"16":{"name":"normalize","line":70,"loc":{"start":{"line":70,"column":11},"end":{"line":70,"column":32}}},"17":{"name":"denormalize","line":79,"loc":{"start":{"line":79,"column":11},"end":{"line":79,"column":34}}}},"statementMap":{"1":{"start":{"line":3,"column":0},"end":{"line":5,"column":3}},"2":{"start":{"line":6,"column":0},"end":{"line":6,"column":52}},"3":{"start":{"line":8,"column":0},"end":{"line":8,"column":564}},"4":{"start":{"line":8,"column":33},"end":{"line":8,"column":349}},"5":{"start":{"line":8,"column":76},"end":{"line":8,"column":347}},"6":{"start":{"line":8,"column":117},"end":{"line":8,"column":143}},"7":{"start":{"line":8,"column":144},"end":{"line":8,"column":199}},"8":{"start":{"line":8,"column":200},"end":{"line":8,"column":231}},"9":{"start":{"line":8,"column":232},"end":{"line":8,"column":286}},"10":{"start":{"line":8,"column":259},"end":{"line":8,"column":286}},"11":{"start":{"line":8,"column":287},"end":{"line":8,"column":345}},"12":{"start":{"line":8,"column":350},"end":{"line":8,"column":559}},"13":{"start":{"line":8,"column":407},"end":{"line":8,"column":475}},"14":{"start":{"line":8,"column":423},"end":{"line":8,"column":475}},"15":{"start":{"line":8,"column":476},"end":{"line":8,"column":536}},"16":{"start":{"line":8,"column":493},"end":{"line":8,"column":536}},"17":{"start":{"line":8,"column":537},"end":{"line":8,"column":556}},"18":{"start":{"line":10,"column":0},"end":{"line":10,"column":257}},"19":{"start":{"line":10,"column":52},"end":{"line":10,"column":239}},"20":{"start":{"line":10,"column":97},"end":{"line":10,"column":123}},"21":{"start":{"line":10,"column":124},"end":{"line":10,"column":237}},"22":{"start":{"line":10,"column":150},"end":{"line":10,"column":235}},"23":{"start":{"line":10,"column":207},"end":{"line":10,"column":233}},"24":{"start":{"line":10,"column":240},"end":{"line":10,"column":254}},"25":{"start":{"line":12,"column":0},"end":{"line":12,"column":50}},"26":{"start":{"line":14,"column":0},"end":{"line":14,"column":62}},"27":{"start":{"line":16,"column":0},"end":{"line":16,"column":269}},"28":{"start":{"line":16,"column":40},"end":{"line":16,"column":267}},"29":{"start":{"line":16,"column":69},"end":{"line":16,"column":80}},"30":{"start":{"line":16,"column":90},"end":{"line":16,"column":106}},"31":{"start":{"line":16,"column":107},"end":{"line":16,"column":228}},"32":{"start":{"line":16,"column":126},"end":{"line":16,"column":226}},"33":{"start":{"line":16,"column":149},"end":{"line":16,"column":224}},"34":{"start":{"line":16,"column":201},"end":{"line":16,"column":224}},"35":{"start":{"line":16,"column":229},"end":{"line":16,"column":250}},"36":{"start":{"line":16,"column":251},"end":{"line":16,"column":265}},"37":{"start":{"line":18,"column":0},"end":{"line":18,"column":209}},"38":{"start":{"line":18,"column":44},"end":{"line":18,"column":195}},"39":{"start":{"line":18,"column":62},"end":{"line":18,"column":166}},"40":{"start":{"line":18,"column":176},"end":{"line":18,"column":193}},"41":{"start":{"line":18,"column":196},"end":{"line":18,"column":207}},"42":{"start":{"line":20,"column":0},"end":{"line":20,"column":153}},"43":{"start":{"line":20,"column":50},"end":{"line":20,"column":151}},"44":{"start":{"line":20,"column":92},"end":{"line":20,"column":149}},"45":{"start":{"line":22,"column":0},"end":{"line":34,"column":2}},"46":{"start":{"line":23,"column":2},"end":{"line":23,"column":35}},"47":{"start":{"line":24,"column":2},"end":{"line":32,"column":5}},"48":{"start":{"line":25,"column":4},"end":{"line":25,"column":34}},"49":{"start":{"line":26,"column":4},"end":{"line":26,"column":70}},"50":{"start":{"line":27,"column":4},"end":{"line":31,"column":5}},"51":{"start":{"line":28,"column":6},"end":{"line":28,"column":25}},"52":{"start":{"line":30,"column":6},"end":{"line":30,"column":26}},"53":{"start":{"line":33,"column":2},"end":{"line":33,"column":16}},"54":{"start":{"line":36,"column":0},"end":{"line":36,"column":31}},"55":{"start":{"line":37,"column":0},"end":{"line":49,"column":2}},"56":{"start":{"line":38,"column":2},"end":{"line":40,"column":3}},"57":{"start":{"line":39,"column":4},"end":{"line":39,"column":71}},"58":{"start":{"line":42,"column":2},"end":{"line":42,"column":35}},"59":{"start":{"line":43,"column":2},"end":{"line":47,"column":5}},"60":{"start":{"line":44,"column":4},"end":{"line":46,"column":5}},"61":{"start":{"line":45,"column":6},"end":{"line":45,"column":54}},"62":{"start":{"line":48,"column":2},"end":{"line":48,"column":16}},"63":{"start":{"line":51,"column":0},"end":{"line":51,"column":35}},"64":{"start":{"line":53,"column":0},"end":{"line":89,"column":4}},"65":{"start":{"line":54,"column":2},"end":{"line":58,"column":3}},"66":{"start":{"line":55,"column":4},"end":{"line":55,"column":40}},"67":{"start":{"line":57,"column":4},"end":{"line":57,"column":28}},"68":{"start":{"line":60,"column":2},"end":{"line":86,"column":6}},"69":{"start":{"line":63,"column":6},"end":{"line":66,"column":28}},"70":{"start":{"line":64,"column":8},"end":{"line":64,"column":37}},"71":{"start":{"line":65,"column":8},"end":{"line":65,"column":76}},"72":{"start":{"line":71,"column":6},"end":{"line":73,"column":7}},"73":{"start":{"line":72,"column":8},"end":{"line":72,"column":37}},"74":{"start":{"line":75,"column":6},"end":{"line":75,"column":69}},"75":{"start":{"line":80,"column":6},"end":{"line":82,"column":7}},"76":{"start":{"line":81,"column":8},"end":{"line":81,"column":39}},"77":{"start":{"line":84,"column":6},"end":{"line":84,"column":71}},"78":{"start":{"line":88,"column":2},"end":{"line":88,"column":22}},"79":{"start":{"line":91,"column":0},"end":{"line":91,"column":31}}},"branchMap":{"1":{"line":8,"type":"binary-expr","locations":[{"start":{"line":8,"column":168},"end":{"line":8,"column":189}},{"start":{"line":8,"column":193},"end":{"line":8,"column":198}}]},"2":{"line":8,"type":"if","locations":[{"start":{"line":8,"column":232},"end":{"line":8,"column":232}},{"start":{"line":8,"column":232},"end":{"line":8,"column":232}}]},"3":{"line":8,"type":"if","locations":[{"start":{"line":8,"column":407},"end":{"line":8,"column":407}},{"start":{"line":8,"column":407},"end":{"line":8,"column":407}}]},"4":{"line":8,"type":"if","locations":[{"start":{"line":8,"column":476},"end":{"line":8,"column":476}},{"start":{"line":8,"column":476},"end":{"line":8,"column":476}}]},"5":{"line":10,"type":"binary-expr","locations":[{"start":{"line":10,"column":15},"end":{"line":10,"column":28}},{"start":{"line":10,"column":32},"end":{"line":10,"column":256}}]},"6":{"line":10,"type":"if","locations":[{"start":{"line":10,"column":150},"end":{"line":10,"column":150}},{"start":{"line":10,"column":150},"end":{"line":10,"column":150}}]},"7":{"line":16,"type":"if","locations":[{"start":{"line":16,"column":40},"end":{"line":16,"column":40}},{"start":{"line":16,"column":40},"end":{"line":16,"column":40}}]},"8":{"line":16,"type":"binary-expr","locations":[{"start":{"line":16,"column":44},"end":{"line":16,"column":47}},{"start":{"line":16,"column":51},"end":{"line":16,"column":65}}]},"9":{"line":16,"type":"if","locations":[{"start":{"line":16,"column":107},"end":{"line":16,"column":107}},{"start":{"line":16,"column":107},"end":{"line":16,"column":107}}]},"10":{"line":16,"type":"if","locations":[{"start":{"line":16,"column":149},"end":{"line":16,"column":149}},{"start":{"line":16,"column":149},"end":{"line":16,"column":149}}]},"11":{"line":18,"type":"if","locations":[{"start":{"line":18,"column":44},"end":{"line":18,"column":44}},{"start":{"line":18,"column":44},"end":{"line":18,"column":44}}]},"12":{"line":20,"type":"if","locations":[{"start":{"line":20,"column":50},"end":{"line":20,"column":50}},{"start":{"line":20,"column":50},"end":{"line":20,"column":50}}]},"13":{"line":27,"type":"if","locations":[{"start":{"line":27,"column":4},"end":{"line":27,"column":4}},{"start":{"line":27,"column":4},"end":{"line":27,"column":4}}]},"14":{"line":27,"type":"binary-expr","locations":[{"start":{"line":27,"column":8},"end":{"line":27,"column":27}},{"start":{"line":27,"column":31},"end":{"line":27,"column":45}}]},"15":{"line":38,"type":"if","locations":[{"start":{"line":38,"column":2},"end":{"line":38,"column":2}},{"start":{"line":38,"column":2},"end":{"line":38,"column":2}}]},"16":{"line":44,"type":"if","locations":[{"start":{"line":44,"column":4},"end":{"line":44,"column":4}},{"start":{"line":44,"column":4},"end":{"line":44,"column":4}}]},"17":{"line":66,"type":"binary-expr","locations":[{"start":{"line":66,"column":9},"end":{"line":66,"column":20}},{"start":{"line":66,"column":24},"end":{"line":66,"column":26}}]}},"code":["'use strict';","","Object.defineProperty(exports, \"__esModule\", {","  value: true","});","exports.denormalize = exports.normalize = undefined;","","var _createClass = function () { function defineProperties(target, props) { for (var i = 0; i < props.length; i++) { var descriptor = props[i]; descriptor.enumerable = descriptor.enumerable || false; descriptor.configurable = true; if (\"value\" in descriptor) descriptor.writable = true; Object.defineProperty(target, descriptor.key, descriptor); } } return function (Constructor, protoProps, staticProps) { if (protoProps) defineProperties(Constructor.prototype, protoProps); if (staticProps) defineProperties(Constructor, staticProps); return Constructor; }; }();","","var _extends = Object.assign || function (target) { for (var i = 1; i < arguments.length; i++) { var source = arguments[i]; for (var key in source) { if (Object.prototype.hasOwnProperty.call(source, key)) { target[key] = source[key]; } } } return target; };","","var _ImmutableUtils = require('./ImmutableUtils');","","var ImmutableUtils = _interopRequireWildcard(_ImmutableUtils);","","function _interopRequireWildcard(obj) { if (obj && obj.__esModule) { return obj; } else { var newObj = {}; if (obj != null) { for (var key in obj) { if (Object.prototype.hasOwnProperty.call(obj, key)) newObj[key] = obj[key]; } } newObj.default = obj; return newObj; } }","","function _defineProperty(obj, key, value) { if (key in obj) { Object.defineProperty(obj, key, { value: value, enumerable: true, configurable: true, writable: true }); } else { obj[key] = value; } return obj; }","","function _classCallCheck(instance, Constructor) { if (!(instance instanceof Constructor)) { throw new TypeError(\"Cannot call a class as a function\"); } }","","var _normalize = function _normalize(schema, input, parent, key, visit, addEntity) {","  var object = _extends({}, input);","  Object.keys(schema).forEach(function (key) {","    var localSchema = schema[key];","    var value = visit(input[key], input, key, localSchema, addEntity);","    if (value === undefined || value === null) {","      delete object[key];","    } else {","      object[key] = value;","    }","  });","  return object;","};","","exports.normalize = _normalize;","var _denormalize = function _denormalize(schema, input, unvisit) {","  if (ImmutableUtils.isImmutable(input)) {","    return ImmutableUtils.denormalizeImmutable(schema, input, unvisit);","  }","","  var object = _extends({}, input);","  Object.keys(schema).forEach(function (key) {","    if (object[key]) {","      object[key] = unvisit(object[key], schema[key]);","    }","  });","  return object;","};","","exports.denormalize = _denormalize;","","var ObjectSchema = function () {","  function ObjectSchema(definition) {","    _classCallCheck(this, ObjectSchema);","","    this.define(definition);","  }","","  _createClass(ObjectSchema, [{","    key: 'define',","    value: function define(definition) {","      this.schema = Object.keys(definition).reduce(function (entitySchema, key) {","        var schema = definition[key];","        return _extends({}, entitySchema, _defineProperty({}, key, schema));","      }, this.schema || {});","    }","  }, {","    key: 'normalize',","    value: function normalize() {","      for (var _len = arguments.length, args = Array(_len), _key = 0; _key < _len; _key++) {","        args[_key] = arguments[_key];","      }","","      return _normalize.apply(undefined, [this.schema].concat(args));","    }","  }, {","    key: 'denormalize',","    value: function denormalize() {","      for (var _len2 = arguments.length, args = Array(_len2), _key2 = 0; _key2 < _len2; _key2++) {","        args[_key2] = arguments[_key2];","      }","","      return _denormalize.apply(undefined, [this.schema].concat(args));","    }","  }]);","","  return ObjectSchema;","}();","","exports.default = ObjectSchema;"],"l":{"3":1,"6":1,"8":3,"10":1,"12":1,"14":1,"16":1,"18":1,"20":1,"22":1,"23":0,"24":0,"25":0,"26":0,"27":0,"28":0,"30":0,"33":0,"36":1,"37":1,"38":0,"39":0,"42":0,"43":0,"44":0,"45":0,"48":0,"51":1,"53":1,"54":1,"55":0,"57":0,"60":1,"63":0,"64":0,"65":0,"71":0,"72":0,"75":0,"80":0,"81":0,"84":0,"88":1,"91":1}}}